[ 2015-10-20T15:28:17+08:00 ] 127.0.0.1 /other/riding/
INFO: [ app_init ] --START--
INFO: Run Behavior\BuildLiteBehavior [ RunTime:0.000021s ]
INFO: [ app_init ] --END-- [ RunTime:0.028461s ]
INFO: [ app_begin ] --START--
INFO: Run Behavior\ReadHtmlCacheBehavior [ RunTime:0.007701s ]
INFO: [ app_begin ] --END-- [ RunTime:0.007806s ]
INFO: [ view_parse ] --START--
INFO: [ template_filter ] --START--
INFO: Run Behavior\ContentReplaceBehavior [ RunTime:0.000059s ]
INFO: [ template_filter ] --END-- [ RunTime:0.000141s ]
INFO: Run Behavior\ParseTemplateBehavior [ RunTime:0.125091s ]
INFO: [ view_parse ] --END-- [ RunTime:0.125189s ]
INFO: [ view_filter ] --START--
INFO: Run Behavior\WriteHtmlCacheBehavior [ RunTime:0.030760s ]
INFO: [ view_filter ] --END-- [ RunTime:0.030837s ]
INFO: [ app_end ] --START--
INFO: Run Behavior\ShowPageTraceBehavior [ RunTime:0.006449s ]
INFO: [ app_end ] --END-- [ RunTime:0.006523s ]

[ 2015-10-20T15:28:20+08:00 ] 127.0.0.1 /other/riding/index.php/Home/User/login
INFO: [ app_init ] --START--
INFO: Run Behavior\BuildLiteBehavior [ RunTime:0.000015s ]
INFO: [ app_init ] --END-- [ RunTime:0.000415s ]
INFO: [ app_begin ] --START--
INFO: Run Behavior\ReadHtmlCacheBehavior [ RunTime:0.000815s ]
INFO: [ app_begin ] --END-- [ RunTime:0.000912s ]
INFO: [ view_parse ] --START--
INFO: [ template_filter ] --START--
INFO: Run Behavior\ContentReplaceBehavior [ RunTime:0.000072s ]
INFO: [ template_filter ] --END-- [ RunTime:0.000223s ]
INFO: Run Behavior\ParseTemplateBehavior [ RunTime:0.055376s ]
INFO: [ view_parse ] --END-- [ RunTime:0.055515s ]
INFO: [ view_filter ] --START--
INFO: Run Behavior\WriteHtmlCacheBehavior [ RunTime:0.000486s ]
INFO: [ view_filter ] --END-- [ RunTime:0.000561s ]
INFO: [ app_end ] --START--
INFO: Run Behavior\ShowPageTraceBehavior [ RunTime:0.001079s ]
INFO: [ app_end ] --END-- [ RunTime:0.001202s ]

[ 2015-10-20T15:28:27+08:00 ] 127.0.0.1 /other/riding/index.php/Home/User/login
INFO: [ app_init ] --START--
INFO: Run Behavior\BuildLiteBehavior [ RunTime:0.000018s ]
INFO: [ app_init ] --END-- [ RunTime:0.000460s ]
INFO: [ app_begin ] --START--
INFO: Run Behavior\ReadHtmlCacheBehavior [ RunTime:0.000708s ]
INFO: [ app_begin ] --END-- [ RunTime:0.000783s ]
SQL: SHOW COLUMNS FROM `ride_admin` [ RunTime:0.3163s ]
NOTIC: [2] mysql_real_escape_string() [<a href='function.mysql-real-escape-string'>function.mysql-real-escape-string</a>]: Access denied for user ''@'localhost' (using password: NO) D:\WWW\other\riding\ThinkPHP\Common\functions.php 第 370 行.
NOTIC: [2] mysql_real_escape_string() [<a href='function.mysql-real-escape-string'>function.mysql-real-escape-string</a>]: A link to the server could not be established D:\WWW\other\riding\ThinkPHP\Common\functions.php 第 370 行.
NOTIC: [2] mysql_real_escape_string() [<a href='function.mysql-real-escape-string'>function.mysql-real-escape-string</a>]: Access denied for user ''@'localhost' (using password: NO) D:\WWW\other\riding\ThinkPHP\Common\functions.php 第 370 行.
NOTIC: [2] mysql_real_escape_string() [<a href='function.mysql-real-escape-string'>function.mysql-real-escape-string</a>]: A link to the server could not be established D:\WWW\other\riding\ThinkPHP\Common\functions.php 第 370 行.
SQL: SELECT * FROM `ride_admin` WHERE ( username = '' ) LIMIT 1   [ RunTime:0.0006s ]

[ 2015-10-20T15:28:36+08:00 ] 127.0.0.1 /other/riding/index.php/Home/User/login
INFO: [ app_init ] --START--
INFO: Run Behavior\BuildLiteBehavior [ RunTime:0.000019s ]
INFO: [ app_init ] --END-- [ RunTime:0.000435s ]
INFO: [ app_begin ] --START--
INFO: Run Behavior\ReadHtmlCacheBehavior [ RunTime:0.000764s ]
INFO: [ app_begin ] --END-- [ RunTime:0.000853s ]
SQL: SHOW COLUMNS FROM `ride_admin` [ RunTime:0.0519s ]
NOTIC: [2] mysql_real_escape_string() [<a href='function.mysql-real-escape-string'>function.mysql-real-escape-string</a>]: Access denied for user ''@'localhost' (using password: NO) D:\WWW\other\riding\ThinkPHP\Common\functions.php 第 370 行.
NOTIC: [2] mysql_real_escape_string() [<a href='function.mysql-real-escape-string'>function.mysql-real-escape-string</a>]: A link to the server could not be established D:\WWW\other\riding\ThinkPHP\Common\functions.php 第 370 行.
NOTIC: [2] mysql_real_escape_string() [<a href='function.mysql-real-escape-string'>function.mysql-real-escape-string</a>]: Access denied for user ''@'localhost' (using password: NO) D:\WWW\other\riding\ThinkPHP\Common\functions.php 第 370 行.
NOTIC: [2] mysql_real_escape_string() [<a href='function.mysql-real-escape-string'>function.mysql-real-escape-string</a>]: A link to the server could not be established D:\WWW\other\riding\ThinkPHP\Common\functions.php 第 370 行.
SQL: SELECT * FROM `ride_admin` WHERE ( username = '' ) LIMIT 1   [ RunTime:0.0003s ]

[ 2015-10-20T15:28:47+08:00 ] 127.0.0.1 /other/riding/index.php/Home/User/login
INFO: [ app_init ] --START--
INFO: Run Behavior\BuildLiteBehavior [ RunTime:0.000023s ]
INFO: [ app_init ] --END-- [ RunTime:0.000483s ]
INFO: [ app_begin ] --START--
INFO: Run Behavior\ReadHtmlCacheBehavior [ RunTime:0.001500s ]
INFO: [ app_begin ] --END-- [ RunTime:0.001611s ]
SQL: SHOW COLUMNS FROM `ride_admin` [ RunTime:0.0161s ]
NOTIC: [2] mysql_real_escape_string() [<a href='function.mysql-real-escape-string'>function.mysql-real-escape-string</a>]: Access denied for user ''@'localhost' (using password: NO) D:\WWW\other\riding\ThinkPHP\Common\functions.php 第 370 行.
NOTIC: [2] mysql_real_escape_string() [<a href='function.mysql-real-escape-string'>function.mysql-real-escape-string</a>]: A link to the server could not be established D:\WWW\other\riding\ThinkPHP\Common\functions.php 第 370 行.
NOTIC: [2] mysql_real_escape_string() [<a href='function.mysql-real-escape-string'>function.mysql-real-escape-string</a>]: Access denied for user ''@'localhost' (using password: NO) D:\WWW\other\riding\ThinkPHP\Common\functions.php 第 370 行.
NOTIC: [2] mysql_real_escape_string() [<a href='function.mysql-real-escape-string'>function.mysql-real-escape-string</a>]: A link to the server could not be established D:\WWW\other\riding\ThinkPHP\Common\functions.php 第 370 行.
SQL: SELECT * FROM `ride_admin` WHERE ( username = '' ) LIMIT 1   [ RunTime:0.0003s ]

