[ 2015-09-18T15:09:25+08:00 ] 127.0.0.1 /riding/bootstrap/css/bootstrap.min.css
INFO: [ app_init ] --START--
INFO: Run Behavior\BuildLiteBehavior [ RunTime:0.000015s ]
INFO: [ app_init ] --END-- [ RunTime:0.000458s ]
ERR: 无法加载模块:Bootstrap

[ 2015-09-18T15:09:25+08:00 ] 127.0.0.1 /riding/dist/css/skins/_all-skins.min.css
INFO: [ app_init ] --START--
INFO: Run Behavior\BuildLiteBehavior [ RunTime:0.000018s ]
INFO: [ app_init ] --END-- [ RunTime:0.000440s ]
ERR: 无法加载模块:Dist

[ 2015-09-18T15:09:25+08:00 ] 127.0.0.1 /riding/plugins/iCheck/flat/blue.css
INFO: [ app_init ] --START--
INFO: Run Behavior\BuildLiteBehavior [ RunTime:0.000026s ]
INFO: [ app_init ] --END-- [ RunTime:0.000494s ]
ERR: 无法加载模块:Plugins

[ 2015-09-18T15:09:25+08:00 ] 127.0.0.1 /riding/plugins/jvectormap/jquery-jvectormap-1.2.2.css
INFO: [ app_init ] --START--
INFO: Run Behavior\BuildLiteBehavior [ RunTime:0.000018s ]
INFO: [ app_init ] --END-- [ RunTime:0.000398s ]
ERR: 无法加载模块:Plugins

[ 2015-09-18T15:09:25+08:00 ] 127.0.0.1 /riding/plugins/datepicker/datepicker3.css
INFO: [ app_init ] --START--
INFO: Run Behavior\BuildLiteBehavior [ RunTime:0.000017s ]
INFO: [ app_init ] --END-- [ RunTime:0.000380s ]
ERR: 无法加载模块:Plugins

[ 2015-09-18T15:09:25+08:00 ] 127.0.0.1 /riding/plugins/daterangepicker/daterangepicker-bs3.css
INFO: [ app_init ] --START--
INFO: Run Behavior\BuildLiteBehavior [ RunTime:0.000026s ]
INFO: [ app_init ] --END-- [ RunTime:0.000710s ]
ERR: 无法加载模块:Plugins

[ 2015-09-18T15:09:25+08:00 ] 127.0.0.1 /riding/plugins/jQuery/jQuery-2.1.4.min.js
INFO: [ app_init ] --START--
INFO: Run Behavior\BuildLiteBehavior [ RunTime:0.000023s ]
INFO: [ app_init ] --END-- [ RunTime:0.000379s ]
ERR: 无法加载模块:Plugins

[ 2015-09-18T15:09:25+08:00 ] 127.0.0.1 /riding/dist/js/jquery-ui.min.js
INFO: [ app_init ] --START--
INFO: Run Behavior\BuildLiteBehavior [ RunTime:0.000021s ]
INFO: [ app_init ] --END-- [ RunTime:0.000510s ]
ERR: 无法加载模块:Dist

[ 2015-09-18T15:09:25+08:00 ] 127.0.0.1 /riding/plugins/bootstrap-wysihtml5/bootstrap3-wysihtml5.min.css
INFO: [ app_init ] --START--
INFO: Run Behavior\BuildLiteBehavior [ RunTime:0.000016s ]
INFO: [ app_init ] --END-- [ RunTime:0.000388s ]
ERR: 无法加载模块:Plugins

[ 2015-09-18T15:09:25+08:00 ] 127.0.0.1 /riding/dist/js/raphael-min.js
INFO: [ app_init ] --START--
INFO: Run Behavior\BuildLiteBehavior [ RunTime:0.000017s ]
INFO: [ app_init ] --END-- [ RunTime:0.000414s ]
ERR: 无法加载模块:Dist

[ 2015-09-18T15:09:25+08:00 ] 127.0.0.1 /riding/plugins/morris/morris.css
INFO: [ app_init ] --START--
INFO: Run Behavior\BuildLiteBehavior [ RunTime:0.000024s ]
INFO: [ app_init ] --END-- [ RunTime:0.000420s ]
ERR: 无法加载模块:Plugins

[ 2015-09-18T15:09:25+08:00 ] 127.0.0.1 /riding/plugins/morris/morris.min.js
INFO: [ app_init ] --START--
INFO: Run Behavior\BuildLiteBehavior [ RunTime:0.000018s ]
INFO: [ app_init ] --END-- [ RunTime:0.000430s ]
ERR: 无法加载模块:Plugins

[ 2015-09-18T15:09:25+08:00 ] 127.0.0.1 /riding/plugins/sparkline/jquery.sparkline.min.js
INFO: [ app_init ] --START--
INFO: Run Behavior\BuildLiteBehavior [ RunTime:0.000018s ]
INFO: [ app_init ] --END-- [ RunTime:0.000397s ]
ERR: 无法加载模块:Plugins

[ 2015-09-18T15:09:25+08:00 ] 127.0.0.1 /riding/bootstrap/js/bootstrap.min.js
INFO: [ app_init ] --START--
INFO: Run Behavior\BuildLiteBehavior [ RunTime:0.000032s ]
INFO: [ app_init ] --END-- [ RunTime:0.000419s ]
ERR: 无法加载模块:Bootstrap

[ 2015-09-18T15:09:25+08:00 ] 127.0.0.1 /riding/plugins/knob/jquery.knob.js
INFO: [ app_init ] --START--
INFO: Run Behavior\BuildLiteBehavior [ RunTime:0.000018s ]
INFO: [ app_init ] --END-- [ RunTime:0.000400s ]
ERR: 无法加载模块:Plugins

[ 2015-09-18T15:09:25+08:00 ] 127.0.0.1 /riding/plugins/jvectormap/jquery-jvectormap-world-mill-en.js
INFO: [ app_init ] --START--
INFO: Run Behavior\BuildLiteBehavior [ RunTime:0.000031s ]
INFO: [ app_init ] --END-- [ RunTime:0.000470s ]
ERR: 无法加载模块:Plugins

[ 2015-09-18T15:09:25+08:00 ] 127.0.0.1 /riding/plugins/daterangepicker/daterangepicker.js
INFO: [ app_init ] --START--
INFO: Run Behavior\BuildLiteBehavior [ RunTime:0.000017s ]
INFO: [ app_init ] --END-- [ RunTime:0.000412s ]
ERR: 无法加载模块:Plugins

[ 2015-09-18T15:09:25+08:00 ] 127.0.0.1 /riding/dist/js/moment.min.js
INFO: [ app_init ] --START--
INFO: Run Behavior\BuildLiteBehavior [ RunTime:0.000018s ]
INFO: [ app_init ] --END-- [ RunTime:0.000402s ]
ERR: 无法加载模块:Dist

[ 2015-09-18T15:09:25+08:00 ] 127.0.0.1 /riding/plugins/datepicker/bootstrap-datepicker.js
INFO: [ app_init ] --START--
INFO: Run Behavior\BuildLiteBehavior [ RunTime:0.000018s ]
INFO: [ app_init ] --END-- [ RunTime:0.000445s ]
ERR: 无法加载模块:Plugins

[ 2015-09-18T15:09:25+08:00 ] 127.0.0.1 /riding/plugins/slimScroll/jquery.slimscroll.min.js
INFO: [ app_init ] --START--
INFO: Run Behavior\BuildLiteBehavior [ RunTime:0.000016s ]
INFO: [ app_init ] --END-- [ RunTime:0.000538s ]
ERR: 无法加载模块:Plugins

[ 2015-09-18T15:09:25+08:00 ] 127.0.0.1 /riding/plugins/fastclick/fastclick.min.js
INFO: [ app_init ] --START--
INFO: Run Behavior\BuildLiteBehavior [ RunTime:0.000014s ]
INFO: [ app_init ] --END-- [ RunTime:0.000339s ]
ERR: 无法加载模块:Plugins

[ 2015-09-18T15:09:25+08:00 ] 127.0.0.1 /riding/dist/js/app.min.js
INFO: [ app_init ] --START--
INFO: Run Behavior\BuildLiteBehavior [ RunTime:0.000016s ]
INFO: [ app_init ] --END-- [ RunTime:0.000359s ]
ERR: 无法加载模块:Dist

[ 2015-09-18T15:09:25+08:00 ] 127.0.0.1 /riding/dist/js/pages/dashboard.js
INFO: [ app_init ] --START--
INFO: Run Behavior\BuildLiteBehavior [ RunTime:0.000016s ]
INFO: [ app_init ] --END-- [ RunTime:0.000338s ]
ERR: 无法加载模块:Dist

[ 2015-09-18T15:09:25+08:00 ] 127.0.0.1 /riding/plugins/jvectormap/jquery-jvectormap-1.2.2.min.js
INFO: [ app_init ] --START--
INFO: Run Behavior\BuildLiteBehavior [ RunTime:0.000029s ]
INFO: [ app_init ] --END-- [ RunTime:0.000528s ]
ERR: 无法加载模块:Plugins

[ 2015-09-18T15:09:25+08:00 ] 127.0.0.1 /riding/dist/js/demo.js
INFO: [ app_init ] --START--
INFO: Run Behavior\BuildLiteBehavior [ RunTime:0.000015s ]
INFO: [ app_init ] --END-- [ RunTime:0.000335s ]
ERR: 无法加载模块:Dist

[ 2015-09-18T15:09:25+08:00 ] 127.0.0.1 /riding/dist/css/ionicons.min.css
INFO: [ app_init ] --START--
INFO: Run Behavior\BuildLiteBehavior [ RunTime:0.000018s ]
INFO: [ app_init ] --END-- [ RunTime:0.000449s ]
ERR: 无法加载模块:Dist

[ 2015-09-18T15:09:25+08:00 ] 127.0.0.1 /riding/plugins/bootstrap-wysihtml5/bootstrap3-wysihtml5.all.min.js
INFO: [ app_init ] --START--
INFO: Run Behavior\BuildLiteBehavior [ RunTime:0.000015s ]
INFO: [ app_init ] --END-- [ RunTime:0.000365s ]
ERR: 无法加载模块:Plugins

[ 2015-09-18T15:09:25+08:00 ] 127.0.0.1 /riding/dist/css/font-awesome.min.css
INFO: [ app_init ] --START--
INFO: Run Behavior\BuildLiteBehavior [ RunTime:0.000017s ]
INFO: [ app_init ] --END-- [ RunTime:0.000415s ]
ERR: 无法加载模块:Dist

[ 2015-09-18T15:09:25+08:00 ] 127.0.0.1 /riding/dist/img/user2-160x160.jpg
INFO: [ app_init ] --START--
INFO: Run Behavior\BuildLiteBehavior [ RunTime:0.000014s ]
INFO: [ app_init ] --END-- [ RunTime:0.000335s ]
ERR: 无法加载模块:Dist

[ 2015-09-18T15:09:25+08:00 ] 127.0.0.1 /riding/dist/img/user3-128x128.jpg
INFO: [ app_init ] --START--
INFO: Run Behavior\BuildLiteBehavior [ RunTime:0.000014s ]
INFO: [ app_init ] --END-- [ RunTime:0.000305s ]
ERR: 无法加载模块:Dist

[ 2015-09-18T15:09:25+08:00 ] 127.0.0.1 /riding/dist/img/user4-128x128.jpg
INFO: [ app_init ] --START--
INFO: Run Behavior\BuildLiteBehavior [ RunTime:0.000016s ]
INFO: [ app_init ] --END-- [ RunTime:0.000353s ]
ERR: 无法加载模块:Dist

[ 2015-09-18T15:09:25+08:00 ] 127.0.0.1 /riding/dist/css/AdminLTE.min.css
INFO: [ app_init ] --START--
INFO: Run Behavior\BuildLiteBehavior [ RunTime:0.000017s ]
INFO: [ app_init ] --END-- [ RunTime:0.000419s ]
ERR: 无法加载模块:Dist

[ 2015-09-18T15:12:58+08:00 ] 127.0.0.1 /riding/dist/css/font-awesome.min.css
INFO: [ app_init ] --START--
INFO: Run Behavior\BuildLiteBehavior [ RunTime:0.000034s ]
INFO: [ app_init ] --END-- [ RunTime:0.000464s ]
ERR: 无法加载模块:Dist

[ 2015-09-18T15:12:58+08:00 ] 127.0.0.1 /riding/dist/css/ionicons.min.css
INFO: [ app_init ] --START--
INFO: Run Behavior\BuildLiteBehavior [ RunTime:0.000026s ]
INFO: [ app_init ] --END-- [ RunTime:0.000562s ]
ERR: 无法加载模块:Dist

[ 2015-09-18T15:12:58+08:00 ] 127.0.0.1 /riding/bootstrap/css/bootstrap.min.css
INFO: [ app_init ] --START--
INFO: Run Behavior\BuildLiteBehavior [ RunTime:0.000016s ]
INFO: [ app_init ] --END-- [ RunTime:0.000353s ]
ERR: 无法加载模块:Bootstrap

[ 2015-09-18T15:12:58+08:00 ] 127.0.0.1 /riding/dist/css/skins/_all-skins.min.css
INFO: [ app_init ] --START--
INFO: Run Behavior\BuildLiteBehavior [ RunTime:0.000028s ]
INFO: [ app_init ] --END-- [ RunTime:0.000566s ]
ERR: 无法加载模块:Dist

[ 2015-09-18T15:12:58+08:00 ] 127.0.0.1 /riding/plugins/iCheck/flat/blue.css
INFO: [ app_init ] --START--
INFO: Run Behavior\BuildLiteBehavior [ RunTime:0.000075s ]
INFO: [ app_init ] --END-- [ RunTime:0.001057s ]
ERR: 无法加载模块:Plugins

[ 2015-09-18T15:12:58+08:00 ] 127.0.0.1 /riding/dist/css/AdminLTE.min.css
INFO: [ app_init ] --START--
INFO: Run Behavior\BuildLiteBehavior [ RunTime:0.000027s ]
INFO: [ app_init ] --END-- [ RunTime:0.000577s ]
ERR: 无法加载模块:Dist

[ 2015-09-18T15:12:58+08:00 ] 127.0.0.1 /riding/plugins/jvectormap/jquery-jvectormap-1.2.2.css
INFO: [ app_init ] --START--
INFO: Run Behavior\BuildLiteBehavior [ RunTime:0.000028s ]
INFO: [ app_init ] --END-- [ RunTime:0.000525s ]
ERR: 无法加载模块:Plugins

[ 2015-09-18T15:12:58+08:00 ] 127.0.0.1 /riding/plugins/daterangepicker/daterangepicker-bs3.css
INFO: [ app_init ] --START--
INFO: Run Behavior\BuildLiteBehavior [ RunTime:0.000026s ]
INFO: [ app_init ] --END-- [ RunTime:0.000588s ]
ERR: 无法加载模块:Plugins

[ 2015-09-18T15:12:58+08:00 ] 127.0.0.1 /riding/plugins/bootstrap-wysihtml5/bootstrap3-wysihtml5.min.css
INFO: [ app_init ] --START--
INFO: Run Behavior\BuildLiteBehavior [ RunTime:0.000025s ]
INFO: [ app_init ] --END-- [ RunTime:0.000556s ]
ERR: 无法加载模块:Plugins

[ 2015-09-18T15:12:58+08:00 ] 127.0.0.1 /riding/plugins/datepicker/datepicker3.css
INFO: [ app_init ] --START--
INFO: Run Behavior\BuildLiteBehavior [ RunTime:0.000026s ]
INFO: [ app_init ] --END-- [ RunTime:0.000575s ]
ERR: 无法加载模块:Plugins

[ 2015-09-18T15:12:58+08:00 ] 127.0.0.1 /riding/plugins/morris/morris.css
INFO: [ app_init ] --START--
INFO: Run Behavior\BuildLiteBehavior [ RunTime:0.000030s ]
INFO: [ app_init ] --END-- [ RunTime:0.000565s ]
ERR: 无法加载模块:Plugins

[ 2015-09-18T15:12:58+08:00 ] 127.0.0.1 /riding/dist/js/raphael-min.js
INFO: [ app_init ] --START--
INFO: Run Behavior\BuildLiteBehavior [ RunTime:0.000026s ]
INFO: [ app_init ] --END-- [ RunTime:0.000509s ]
ERR: 无法加载模块:Dist

[ 2015-09-18T15:12:58+08:00 ] 127.0.0.1 /riding/plugins/sparkline/jquery.sparkline.min.js
INFO: [ app_init ] --START--
INFO: Run Behavior\BuildLiteBehavior [ RunTime:0.000027s ]
INFO: [ app_init ] --END-- [ RunTime:0.000581s ]
ERR: 无法加载模块:Plugins

[ 2015-09-18T15:12:58+08:00 ] 127.0.0.1 /riding/dist/js/jquery-ui.min.js
INFO: [ app_init ] --START--
INFO: Run Behavior\BuildLiteBehavior [ RunTime:0.000030s ]
INFO: [ app_init ] --END-- [ RunTime:0.000636s ]
ERR: 无法加载模块:Dist

[ 2015-09-18T15:12:58+08:00 ] 127.0.0.1 /riding/plugins/jQuery/jQuery-2.1.4.min.js
INFO: [ app_init ] --START--
INFO: Run Behavior\BuildLiteBehavior [ RunTime:0.000027s ]
INFO: [ app_init ] --END-- [ RunTime:0.000563s ]
ERR: 无法加载模块:Plugins

[ 2015-09-18T15:12:58+08:00 ] 127.0.0.1 /riding/plugins/morris/morris.min.js
INFO: [ app_init ] --START--
INFO: Run Behavior\BuildLiteBehavior [ RunTime:0.000031s ]
INFO: [ app_init ] --END-- [ RunTime:0.000835s ]
ERR: 无法加载模块:Plugins

[ 2015-09-18T15:12:58+08:00 ] 127.0.0.1 /riding/plugins/jvectormap/jquery-jvectormap-world-mill-en.js
INFO: [ app_init ] --START--
INFO: Run Behavior\BuildLiteBehavior [ RunTime:0.000028s ]
INFO: [ app_init ] --END-- [ RunTime:0.000874s ]
ERR: 无法加载模块:Plugins

[ 2015-09-18T15:12:58+08:00 ] 127.0.0.1 /riding/bootstrap/js/bootstrap.min.js
INFO: [ app_init ] --START--
INFO: Run Behavior\BuildLiteBehavior [ RunTime:0.000031s ]
INFO: [ app_init ] --END-- [ RunTime:0.001184s ]
ERR: 无法加载模块:Bootstrap

[ 2015-09-18T15:12:58+08:00 ] 127.0.0.1 /riding/plugins/jvectormap/jquery-jvectormap-1.2.2.min.js
INFO: [ app_init ] --START--
INFO: Run Behavior\BuildLiteBehavior [ RunTime:0.000026s ]
INFO: [ app_init ] --END-- [ RunTime:0.000557s ]
ERR: 无法加载模块:Plugins

[ 2015-09-18T15:12:58+08:00 ] 127.0.0.1 /riding/dist/js/moment.min.js
INFO: [ app_init ] --START--
INFO: Run Behavior\BuildLiteBehavior [ RunTime:0.000032s ]
INFO: [ app_init ] --END-- [ RunTime:0.002615s ]
ERR: 无法加载模块:Dist

[ 2015-09-18T15:12:58+08:00 ] 127.0.0.1 /riding/plugins/datepicker/bootstrap-datepicker.js
INFO: [ app_init ] --START--
INFO: Run Behavior\BuildLiteBehavior [ RunTime:0.000027s ]
INFO: [ app_init ] --END-- [ RunTime:0.000560s ]
ERR: 无法加载模块:Plugins

[ 2015-09-18T15:12:58+08:00 ] 127.0.0.1 /riding/plugins/knob/jquery.knob.js
INFO: [ app_init ] --START--
INFO: Run Behavior\BuildLiteBehavior [ RunTime:0.000032s ]
INFO: [ app_init ] --END-- [ RunTime:0.000614s ]
ERR: 无法加载模块:Plugins

[ 2015-09-18T15:12:58+08:00 ] 127.0.0.1 /riding/plugins/bootstrap-wysihtml5/bootstrap3-wysihtml5.all.min.js
INFO: [ app_init ] --START--
INFO: Run Behavior\BuildLiteBehavior [ RunTime:0.000027s ]
INFO: [ app_init ] --END-- [ RunTime:0.000503s ]
ERR: 无法加载模块:Plugins

[ 2015-09-18T15:12:58+08:00 ] 127.0.0.1 /riding/plugins/slimScroll/jquery.slimscroll.min.js
INFO: [ app_init ] --START--
INFO: Run Behavior\BuildLiteBehavior [ RunTime:0.000028s ]
INFO: [ app_init ] --END-- [ RunTime:0.000561s ]
ERR: 无法加载模块:Plugins

[ 2015-09-18T15:12:58+08:00 ] 127.0.0.1 /riding/dist/js/app.min.js
INFO: [ app_init ] --START--
INFO: Run Behavior\BuildLiteBehavior [ RunTime:0.000015s ]
INFO: [ app_init ] --END-- [ RunTime:0.000366s ]
ERR: 无法加载模块:Dist

[ 2015-09-18T15:12:58+08:00 ] 127.0.0.1 /riding/plugins/daterangepicker/daterangepicker.js
INFO: [ app_init ] --START--
INFO: Run Behavior\BuildLiteBehavior [ RunTime:0.000026s ]
INFO: [ app_init ] --END-- [ RunTime:0.000582s ]
ERR: 无法加载模块:Plugins

[ 2015-09-18T15:12:58+08:00 ] 127.0.0.1 /riding/plugins/fastclick/fastclick.min.js
INFO: [ app_init ] --START--
INFO: Run Behavior\BuildLiteBehavior [ RunTime:0.000030s ]
INFO: [ app_init ] --END-- [ RunTime:0.000567s ]
ERR: 无法加载模块:Plugins

[ 2015-09-18T15:12:58+08:00 ] 127.0.0.1 /riding/dist/js/demo.js
INFO: [ app_init ] --START--
INFO: Run Behavior\BuildLiteBehavior [ RunTime:0.000029s ]
INFO: [ app_init ] --END-- [ RunTime:0.000892s ]
ERR: 无法加载模块:Dist

[ 2015-09-18T15:12:58+08:00 ] 127.0.0.1 /riding/dist/img/user3-128x128.jpg
INFO: [ app_init ] --START--
INFO: Run Behavior\BuildLiteBehavior [ RunTime:0.000026s ]
INFO: [ app_init ] --END-- [ RunTime:0.000603s ]
ERR: 无法加载模块:Dist

[ 2015-09-18T15:12:58+08:00 ] 127.0.0.1 /riding/dist/js/pages/dashboard.js
INFO: [ app_init ] --START--
INFO: Run Behavior\BuildLiteBehavior [ RunTime:0.000031s ]
INFO: [ app_init ] --END-- [ RunTime:0.001313s ]
ERR: 无法加载模块:Dist

[ 2015-09-18T15:12:58+08:00 ] 127.0.0.1 /riding/dist/img/user2-160x160.jpg
INFO: [ app_init ] --START--
INFO: Run Behavior\BuildLiteBehavior [ RunTime:0.000032s ]
INFO: [ app_init ] --END-- [ RunTime:0.002877s ]
ERR: 无法加载模块:Dist

[ 2015-09-18T15:12:58+08:00 ] 127.0.0.1 /riding/dist/img/user4-128x128.jpg
INFO: [ app_init ] --START--
INFO: Run Behavior\BuildLiteBehavior [ RunTime:0.000017s ]
INFO: [ app_init ] --END-- [ RunTime:0.000439s ]
ERR: 无法加载模块:Dist

[ 2015-09-18T15:13:01+08:00 ] 127.0.0.1 /riding/plugins/iCheck/flat/blue.css
INFO: [ app_init ] --START--
INFO: Run Behavior\BuildLiteBehavior [ RunTime:0.000026s ]
INFO: [ app_init ] --END-- [ RunTime:0.000508s ]
ERR: 无法加载模块:Plugins

[ 2015-09-18T15:13:01+08:00 ] 127.0.0.1 /riding/dist/css/AdminLTE.min.css
INFO: [ app_init ] --START--
INFO: Run Behavior\BuildLiteBehavior [ RunTime:0.000021s ]
INFO: [ app_init ] --END-- [ RunTime:0.000508s ]
ERR: 无法加载模块:Dist

[ 2015-09-18T15:13:01+08:00 ] 127.0.0.1 /riding/bootstrap/css/bootstrap.min.css
INFO: [ app_init ] --START--
INFO: Run Behavior\BuildLiteBehavior [ RunTime:0.000028s ]
INFO: [ app_init ] --END-- [ RunTime:0.000595s ]
ERR: 无法加载模块:Bootstrap

[ 2015-09-18T15:13:01+08:00 ] 127.0.0.1 /riding/dist/css/font-awesome.min.css
INFO: [ app_init ] --START--
INFO: Run Behavior\BuildLiteBehavior [ RunTime:0.000025s ]
INFO: [ app_init ] --END-- [ RunTime:0.000507s ]
ERR: 无法加载模块:Dist

[ 2015-09-18T15:13:01+08:00 ] 127.0.0.1 /riding/dist/css/ionicons.min.css
INFO: [ app_init ] --START--
INFO: Run Behavior\BuildLiteBehavior [ RunTime:0.000028s ]
INFO: [ app_init ] --END-- [ RunTime:0.000557s ]
ERR: 无法加载模块:Dist

[ 2015-09-18T15:13:01+08:00 ] 127.0.0.1 /riding/dist/css/skins/_all-skins.min.css
INFO: [ app_init ] --START--
INFO: Run Behavior\BuildLiteBehavior [ RunTime:0.000028s ]
INFO: [ app_init ] --END-- [ RunTime:0.000541s ]
ERR: 无法加载模块:Dist

[ 2015-09-18T15:13:01+08:00 ] 127.0.0.1 /riding/plugins/morris/morris.css
INFO: [ app_init ] --START--
INFO: Run Behavior\BuildLiteBehavior [ RunTime:0.000027s ]
INFO: [ app_init ] --END-- [ RunTime:0.000510s ]
ERR: 无法加载模块:Plugins

[ 2015-09-18T15:13:01+08:00 ] 127.0.0.1 /riding/plugins/jvectormap/jquery-jvectormap-1.2.2.css
INFO: [ app_init ] --START--
INFO: Run Behavior\BuildLiteBehavior [ RunTime:0.000030s ]
INFO: [ app_init ] --END-- [ RunTime:0.000618s ]
ERR: 无法加载模块:Plugins

[ 2015-09-18T15:13:01+08:00 ] 127.0.0.1 /riding/plugins/daterangepicker/daterangepicker-bs3.css
INFO: [ app_init ] --START--
INFO: Run Behavior\BuildLiteBehavior [ RunTime:0.000027s ]
INFO: [ app_init ] --END-- [ RunTime:0.000560s ]
ERR: 无法加载模块:Plugins

[ 2015-09-18T15:13:01+08:00 ] 127.0.0.1 /riding/bootstrap/js/bootstrap.min.js
INFO: [ app_init ] --START--
INFO: Run Behavior\BuildLiteBehavior [ RunTime:0.000028s ]
INFO: [ app_init ] --END-- [ RunTime:0.000605s ]
ERR: 无法加载模块:Bootstrap

[ 2015-09-18T15:13:01+08:00 ] 127.0.0.1 /riding/plugins/bootstrap-wysihtml5/bootstrap3-wysihtml5.min.css
INFO: [ app_init ] --START--
INFO: Run Behavior\BuildLiteBehavior [ RunTime:0.000029s ]
INFO: [ app_init ] --END-- [ RunTime:0.000565s ]
ERR: 无法加载模块:Plugins

[ 2015-09-18T15:13:01+08:00 ] 127.0.0.1 /riding/plugins/datepicker/datepicker3.css
INFO: [ app_init ] --START--
INFO: Run Behavior\BuildLiteBehavior [ RunTime:0.000034s ]
INFO: [ app_init ] --END-- [ RunTime:0.005825s ]
ERR: 无法加载模块:Plugins

[ 2015-09-18T15:13:01+08:00 ] 127.0.0.1 /riding/dist/js/raphael-min.js
INFO: [ app_init ] --START--
INFO: Run Behavior\BuildLiteBehavior [ RunTime:0.000026s ]
INFO: [ app_init ] --END-- [ RunTime:0.000563s ]
ERR: 无法加载模块:Dist

[ 2015-09-18T15:13:01+08:00 ] 127.0.0.1 /riding/plugins/jQuery/jQuery-2.1.4.min.js
INFO: [ app_init ] --START--
INFO: Run Behavior\BuildLiteBehavior [ RunTime:0.000025s ]
INFO: [ app_init ] --END-- [ RunTime:0.000709s ]
ERR: 无法加载模块:Plugins

[ 2015-09-18T15:13:01+08:00 ] 127.0.0.1 /riding/dist/js/jquery-ui.min.js
INFO: [ app_init ] --START--
INFO: Run Behavior\BuildLiteBehavior [ RunTime:0.000027s ]
INFO: [ app_init ] --END-- [ RunTime:0.004384s ]
ERR: 无法加载模块:Dist

[ 2015-09-18T15:13:01+08:00 ] 127.0.0.1 /riding/plugins/sparkline/jquery.sparkline.min.js
INFO: [ app_init ] --START--
INFO: Run Behavior\BuildLiteBehavior [ RunTime:0.000034s ]
INFO: [ app_init ] --END-- [ RunTime:0.002683s ]
ERR: 无法加载模块:Plugins

[ 2015-09-18T15:13:01+08:00 ] 127.0.0.1 /riding/plugins/morris/morris.min.js
INFO: [ app_init ] --START--
INFO: Run Behavior\BuildLiteBehavior [ RunTime:0.000025s ]
INFO: [ app_init ] --END-- [ RunTime:0.000586s ]
ERR: 无法加载模块:Plugins

[ 2015-09-18T15:13:01+08:00 ] 127.0.0.1 /riding/plugins/knob/jquery.knob.js
INFO: [ app_init ] --START--
INFO: Run Behavior\BuildLiteBehavior [ RunTime:0.000024s ]
INFO: [ app_init ] --END-- [ RunTime:0.000577s ]
ERR: 无法加载模块:Plugins

[ 2015-09-18T15:13:01+08:00 ] 127.0.0.1 /riding/plugins/jvectormap/jquery-jvectormap-1.2.2.min.js
INFO: [ app_init ] --START--
INFO: Run Behavior\BuildLiteBehavior [ RunTime:0.000026s ]
INFO: [ app_init ] --END-- [ RunTime:0.000547s ]
ERR: 无法加载模块:Plugins

[ 2015-09-18T15:13:01+08:00 ] 127.0.0.1 /riding/dist/js/moment.min.js
INFO: [ app_init ] --START--
INFO: Run Behavior\BuildLiteBehavior [ RunTime:0.000027s ]
INFO: [ app_init ] --END-- [ RunTime:0.000554s ]
ERR: 无法加载模块:Dist

[ 2015-09-18T15:13:01+08:00 ] 127.0.0.1 /riding/plugins/bootstrap-wysihtml5/bootstrap3-wysihtml5.all.min.js
INFO: [ app_init ] --START--
INFO: Run Behavior\BuildLiteBehavior [ RunTime:0.000028s ]
INFO: [ app_init ] --END-- [ RunTime:0.000563s ]
ERR: 无法加载模块:Plugins

[ 2015-09-18T15:13:01+08:00 ] 127.0.0.1 /riding/plugins/datepicker/bootstrap-datepicker.js
INFO: [ app_init ] --START--
INFO: Run Behavior\BuildLiteBehavior [ RunTime:0.000018s ]
INFO: [ app_init ] --END-- [ RunTime:0.000402s ]
ERR: 无法加载模块:Plugins

[ 2015-09-18T15:13:01+08:00 ] 127.0.0.1 /riding/plugins/jvectormap/jquery-jvectormap-world-mill-en.js
INFO: [ app_init ] --START--
INFO: Run Behavior\BuildLiteBehavior [ RunTime:0.000029s ]
INFO: [ app_init ] --END-- [ RunTime:0.000691s ]
ERR: 无法加载模块:Plugins

[ 2015-09-18T15:13:01+08:00 ] 127.0.0.1 /riding/plugins/slimScroll/jquery.slimscroll.min.js
INFO: [ app_init ] --START--
INFO: Run Behavior\BuildLiteBehavior [ RunTime:0.000030s ]
INFO: [ app_init ] --END-- [ RunTime:0.001475s ]
ERR: 无法加载模块:Plugins

[ 2015-09-18T15:13:01+08:00 ] 127.0.0.1 /riding/plugins/daterangepicker/daterangepicker.js
INFO: [ app_init ] --START--
INFO: Run Behavior\BuildLiteBehavior [ RunTime:0.000028s ]
INFO: [ app_init ] --END-- [ RunTime:0.000504s ]
ERR: 无法加载模块:Plugins

[ 2015-09-18T15:13:01+08:00 ] 127.0.0.1 /riding/plugins/fastclick/fastclick.min.js
INFO: [ app_init ] --START--
INFO: Run Behavior\BuildLiteBehavior [ RunTime:0.000029s ]
INFO: [ app_init ] --END-- [ RunTime:0.000614s ]
ERR: 无法加载模块:Plugins

[ 2015-09-18T15:13:01+08:00 ] 127.0.0.1 /riding/dist/js/pages/dashboard.js
INFO: [ app_init ] --START--
INFO: Run Behavior\BuildLiteBehavior [ RunTime:0.000035s ]
INFO: [ app_init ] --END-- [ RunTime:0.003474s ]
ERR: 无法加载模块:Dist

[ 2015-09-18T15:13:01+08:00 ] 127.0.0.1 /riding/dist/img/user3-128x128.jpg
INFO: [ app_init ] --START--
INFO: Run Behavior\BuildLiteBehavior [ RunTime:0.000029s ]
INFO: [ app_init ] --END-- [ RunTime:0.000848s ]
ERR: 无法加载模块:Dist

[ 2015-09-18T15:13:01+08:00 ] 127.0.0.1 /riding/dist/img/user4-128x128.jpg
INFO: [ app_init ] --START--
INFO: Run Behavior\BuildLiteBehavior [ RunTime:0.000029s ]
INFO: [ app_init ] --END-- [ RunTime:0.000594s ]
ERR: 无法加载模块:Dist

[ 2015-09-18T15:13:01+08:00 ] 127.0.0.1 /riding/dist/js/demo.js
INFO: [ app_init ] --START--
INFO: Run Behavior\BuildLiteBehavior [ RunTime:0.000026s ]
INFO: [ app_init ] --END-- [ RunTime:0.000499s ]
ERR: 无法加载模块:Dist

[ 2015-09-18T15:13:01+08:00 ] 127.0.0.1 /riding/dist/js/app.min.js
INFO: [ app_init ] --START--
INFO: Run Behavior\BuildLiteBehavior [ RunTime:0.000030s ]
INFO: [ app_init ] --END-- [ RunTime:0.001475s ]
ERR: 无法加载模块:Dist

[ 2015-09-18T15:13:01+08:00 ] 127.0.0.1 /riding/dist/img/user2-160x160.jpg
INFO: [ app_init ] --START--
INFO: Run Behavior\BuildLiteBehavior [ RunTime:0.000030s ]
INFO: [ app_init ] --END-- [ RunTime:0.000567s ]
ERR: 无法加载模块:Dist

[ 2015-09-18T15:15:25+08:00 ] 127.0.0.1 /riding/Publicdist/css/ionicons.min.css
INFO: [ app_init ] --START--
INFO: Run Behavior\BuildLiteBehavior [ RunTime:0.000016s ]
INFO: [ app_init ] --END-- [ RunTime:0.000408s ]
ERR: 无法加载模块:Publicdist

[ 2015-09-18T15:15:25+08:00 ] 127.0.0.1 /riding/Publicplugins/morris/morris.css
INFO: [ app_init ] --START--
INFO: Run Behavior\BuildLiteBehavior [ RunTime:0.000016s ]
INFO: [ app_init ] --END-- [ RunTime:0.000403s ]
ERR: 无法加载模块:Publicplugins

[ 2015-09-18T15:15:25+08:00 ] 127.0.0.1 /riding/Publicbootstrap/css/bootstrap.min.css
INFO: [ app_init ] --START--
INFO: Run Behavior\BuildLiteBehavior [ RunTime:0.000027s ]
INFO: [ app_init ] --END-- [ RunTime:0.000536s ]
ERR: 无法加载模块:Publicbootstrap

[ 2015-09-18T15:15:25+08:00 ] 127.0.0.1 /riding/Publicplugins/jvectormap/jquery-jvectormap-1.2.2.css
INFO: [ app_init ] --START--
INFO: Run Behavior\BuildLiteBehavior [ RunTime:0.000037s ]
INFO: [ app_init ] --END-- [ RunTime:0.000584s ]
ERR: 无法加载模块:Publicplugins

[ 2015-09-18T15:15:25+08:00 ] 127.0.0.1 /riding/Publicdist/css/font-awesome.min.css
INFO: [ app_init ] --START--
INFO: Run Behavior\BuildLiteBehavior [ RunTime:0.000028s ]
INFO: [ app_init ] --END-- [ RunTime:0.000648s ]
ERR: 无法加载模块:Publicdist

[ 2015-09-18T15:15:25+08:00 ] 127.0.0.1 /riding/Publicplugins/iCheck/flat/blue.css
INFO: [ app_init ] --START--
INFO: Run Behavior\BuildLiteBehavior [ RunTime:0.000028s ]
INFO: [ app_init ] --END-- [ RunTime:0.000564s ]
ERR: 无法加载模块:Publicplugins

[ 2015-09-18T15:15:25+08:00 ] 127.0.0.1 /riding/Publicdist/css/skins/_all-skins.min.css
INFO: [ app_init ] --START--
INFO: Run Behavior\BuildLiteBehavior [ RunTime:0.000029s ]
INFO: [ app_init ] --END-- [ RunTime:0.000566s ]
ERR: 无法加载模块:Publicdist

[ 2015-09-18T15:15:25+08:00 ] 127.0.0.1 /riding/Publicdist/css/AdminLTE.min.css
INFO: [ app_init ] --START--
INFO: Run Behavior\BuildLiteBehavior [ RunTime:0.000027s ]
INFO: [ app_init ] --END-- [ RunTime:0.000562s ]
ERR: 无法加载模块:Publicdist

[ 2015-09-18T15:15:25+08:00 ] 127.0.0.1 /riding/Publicplugins/daterangepicker/daterangepicker-bs3.css
INFO: [ app_init ] --START--
INFO: Run Behavior\BuildLiteBehavior [ RunTime:0.000027s ]
INFO: [ app_init ] --END-- [ RunTime:0.000521s ]
ERR: 无法加载模块:Publicplugins

[ 2015-09-18T15:15:25+08:00 ] 127.0.0.1 /riding/Publicplugins/datepicker/datepicker3.css
INFO: [ app_init ] --START--
INFO: Run Behavior\BuildLiteBehavior [ RunTime:0.000029s ]
INFO: [ app_init ] --END-- [ RunTime:0.000558s ]
ERR: 无法加载模块:Publicplugins

[ 2015-09-18T15:15:25+08:00 ] 127.0.0.1 /riding/dist/js/jquery-ui.min.js
INFO: [ app_init ] --START--
INFO: Run Behavior\BuildLiteBehavior [ RunTime:0.000027s ]
INFO: [ app_init ] --END-- [ RunTime:0.000553s ]
ERR: 无法加载模块:Dist

[ 2015-09-18T15:15:25+08:00 ] 127.0.0.1 /riding/plugins/sparkline/jquery.sparkline.min.js
INFO: [ app_init ] --START--
INFO: Run Behavior\BuildLiteBehavior [ RunTime:0.000028s ]
INFO: [ app_init ] --END-- [ RunTime:0.000547s ]
ERR: 无法加载模块:Plugins

[ 2015-09-18T15:15:25+08:00 ] 127.0.0.1 /riding/plugins/jQuery/jQuery-2.1.4.min.js
INFO: [ app_init ] --START--
INFO: Run Behavior\BuildLiteBehavior [ RunTime:0.000026s ]
INFO: [ app_init ] --END-- [ RunTime:0.000554s ]
ERR: 无法加载模块:Plugins

[ 2015-09-18T15:15:25+08:00 ] 127.0.0.1 /riding/plugins/morris/morris.min.js
INFO: [ app_init ] --START--
INFO: Run Behavior\BuildLiteBehavior [ RunTime:0.000024s ]
INFO: [ app_init ] --END-- [ RunTime:0.000566s ]
ERR: 无法加载模块:Plugins

[ 2015-09-18T15:15:25+08:00 ] 127.0.0.1 /riding/Publicplugins/bootstrap-wysihtml5/bootstrap3-wysihtml5.min.css
INFO: [ app_init ] --START--
INFO: Run Behavior\BuildLiteBehavior [ RunTime:0.000033s ]
INFO: [ app_init ] --END-- [ RunTime:0.001146s ]
ERR: 无法加载模块:Publicplugins

[ 2015-09-18T15:15:25+08:00 ] 127.0.0.1 /riding/dist/js/raphael-min.js
INFO: [ app_init ] --START--
INFO: Run Behavior\BuildLiteBehavior [ RunTime:0.000028s ]
INFO: [ app_init ] --END-- [ RunTime:0.000532s ]
ERR: 无法加载模块:Dist

[ 2015-09-18T15:15:25+08:00 ] 127.0.0.1 /riding/bootstrap/js/bootstrap.min.js
INFO: [ app_init ] --START--
INFO: Run Behavior\BuildLiteBehavior [ RunTime:0.000027s ]
INFO: [ app_init ] --END-- [ RunTime:0.000608s ]
ERR: 无法加载模块:Bootstrap

[ 2015-09-18T15:15:25+08:00 ] 127.0.0.1 /riding/plugins/daterangepicker/daterangepicker.js
INFO: [ app_init ] --START--
INFO: Run Behavior\BuildLiteBehavior [ RunTime:0.000027s ]
INFO: [ app_init ] --END-- [ RunTime:0.000507s ]
ERR: 无法加载模块:Plugins

[ 2015-09-18T15:15:25+08:00 ] 127.0.0.1 /riding/dist/js/moment.min.js
INFO: [ app_init ] --START--
INFO: Run Behavior\BuildLiteBehavior [ RunTime:0.000026s ]
INFO: [ app_init ] --END-- [ RunTime:0.000578s ]
ERR: 无法加载模块:Dist

[ 2015-09-18T15:15:25+08:00 ] 127.0.0.1 /riding/plugins/jvectormap/jquery-jvectormap-1.2.2.min.js
INFO: [ app_init ] --START--
INFO: Run Behavior\BuildLiteBehavior [ RunTime:0.000027s ]
INFO: [ app_init ] --END-- [ RunTime:0.000576s ]
ERR: 无法加载模块:Plugins

[ 2015-09-18T15:15:25+08:00 ] 127.0.0.1 /riding/plugins/slimScroll/jquery.slimscroll.min.js
INFO: [ app_init ] --START--
INFO: Run Behavior\BuildLiteBehavior [ RunTime:0.000024s ]
INFO: [ app_init ] --END-- [ RunTime:0.000548s ]
ERR: 无法加载模块:Plugins

[ 2015-09-18T15:15:25+08:00 ] 127.0.0.1 /riding/plugins/jvectormap/jquery-jvectormap-world-mill-en.js
INFO: [ app_init ] --START--
INFO: Run Behavior\BuildLiteBehavior [ RunTime:0.000029s ]
INFO: [ app_init ] --END-- [ RunTime:0.001043s ]
ERR: 无法加载模块:Plugins

[ 2015-09-18T15:15:25+08:00 ] 127.0.0.1 /riding/plugins/datepicker/bootstrap-datepicker.js
INFO: [ app_init ] --START--
INFO: Run Behavior\BuildLiteBehavior [ RunTime:0.000029s ]
INFO: [ app_init ] --END-- [ RunTime:0.003540s ]
ERR: 无法加载模块:Plugins

[ 2015-09-18T15:15:25+08:00 ] 127.0.0.1 /riding/plugins/bootstrap-wysihtml5/bootstrap3-wysihtml5.all.min.js
INFO: [ app_init ] --START--
INFO: Run Behavior\BuildLiteBehavior [ RunTime:0.000028s ]
INFO: [ app_init ] --END-- [ RunTime:0.000519s ]
ERR: 无法加载模块:Plugins

[ 2015-09-18T15:15:25+08:00 ] 127.0.0.1 /riding/plugins/knob/jquery.knob.js
INFO: [ app_init ] --START--
INFO: Run Behavior\BuildLiteBehavior [ RunTime:0.000032s ]
INFO: [ app_init ] --END-- [ RunTime:0.004672s ]
ERR: 无法加载模块:Plugins

[ 2015-09-18T15:15:25+08:00 ] 127.0.0.1 /riding/plugins/fastclick/fastclick.min.js
INFO: [ app_init ] --START--
INFO: Run Behavior\BuildLiteBehavior [ RunTime:0.000029s ]
INFO: [ app_init ] --END-- [ RunTime:0.000975s ]
ERR: 无法加载模块:Plugins

[ 2015-09-18T15:15:25+08:00 ] 127.0.0.1 /riding/dist/img/user4-128x128.jpg
INFO: [ app_init ] --START--
INFO: Run Behavior\BuildLiteBehavior [ RunTime:0.000027s ]
INFO: [ app_init ] --END-- [ RunTime:0.000596s ]
ERR: 无法加载模块:Dist

[ 2015-09-18T15:15:25+08:00 ] 127.0.0.1 /riding/dist/js/pages/dashboard.js
INFO: [ app_init ] --START--
INFO: Run Behavior\BuildLiteBehavior [ RunTime:0.000024s ]
INFO: [ app_init ] --END-- [ RunTime:0.000499s ]
ERR: 无法加载模块:Dist

[ 2015-09-18T15:15:25+08:00 ] 127.0.0.1 /riding/dist/js/demo.js
INFO: [ app_init ] --START--
INFO: Run Behavior\BuildLiteBehavior [ RunTime:0.000026s ]
INFO: [ app_init ] --END-- [ RunTime:0.000551s ]
ERR: 无法加载模块:Dist

[ 2015-09-18T15:15:25+08:00 ] 127.0.0.1 /riding/dist/js/app.min.js
INFO: [ app_init ] --START--
INFO: Run Behavior\BuildLiteBehavior [ RunTime:0.000030s ]
INFO: [ app_init ] --END-- [ RunTime:0.001797s ]
ERR: 无法加载模块:Dist

[ 2015-09-18T15:15:25+08:00 ] 127.0.0.1 /riding/dist/img/user2-160x160.jpg
INFO: [ app_init ] --START--
INFO: Run Behavior\BuildLiteBehavior [ RunTime:0.000033s ]
INFO: [ app_init ] --END-- [ RunTime:0.000943s ]
ERR: 无法加载模块:Dist

[ 2015-09-18T15:15:25+08:00 ] 127.0.0.1 /riding/dist/img/user3-128x128.jpg
INFO: [ app_init ] --START--
INFO: Run Behavior\BuildLiteBehavior [ RunTime:0.000033s ]
INFO: [ app_init ] --END-- [ RunTime:0.000660s ]
ERR: 无法加载模块:Dist

[ 2015-09-18T15:15:28+08:00 ] 127.0.0.1 /riding/Publicplugins/iCheck/flat/blue.css
INFO: [ app_init ] --START--
INFO: Run Behavior\BuildLiteBehavior [ RunTime:0.000026s ]
INFO: [ app_init ] --END-- [ RunTime:0.000511s ]
ERR: 无法加载模块:Publicplugins

[ 2015-09-18T15:15:28+08:00 ] 127.0.0.1 /riding/Publicdist/css/AdminLTE.min.css
INFO: [ app_init ] --START--
INFO: Run Behavior\BuildLiteBehavior [ RunTime:0.000026s ]
INFO: [ app_init ] --END-- [ RunTime:0.000548s ]
ERR: 无法加载模块:Publicdist

[ 2015-09-18T15:15:28+08:00 ] 127.0.0.1 /riding/Publicdist/css/ionicons.min.css
INFO: [ app_init ] --START--
INFO: Run Behavior\BuildLiteBehavior [ RunTime:0.000026s ]
INFO: [ app_init ] --END-- [ RunTime:0.000580s ]
ERR: 无法加载模块:Publicdist

[ 2015-09-18T15:15:28+08:00 ] 127.0.0.1 /riding/Publicbootstrap/css/bootstrap.min.css
INFO: [ app_init ] --START--
INFO: Run Behavior\BuildLiteBehavior [ RunTime:0.000030s ]
INFO: [ app_init ] --END-- [ RunTime:0.000625s ]
ERR: 无法加载模块:Publicbootstrap

[ 2015-09-18T15:15:28+08:00 ] 127.0.0.1 /riding/Publicdist/css/font-awesome.min.css
INFO: [ app_init ] --START--
INFO: Run Behavior\BuildLiteBehavior [ RunTime:0.000026s ]
INFO: [ app_init ] --END-- [ RunTime:0.000561s ]
ERR: 无法加载模块:Publicdist

[ 2015-09-18T15:15:28+08:00 ] 127.0.0.1 /riding/Publicplugins/morris/morris.css
INFO: [ app_init ] --START--
INFO: Run Behavior\BuildLiteBehavior [ RunTime:0.000028s ]
INFO: [ app_init ] --END-- [ RunTime:0.000524s ]
ERR: 无法加载模块:Publicplugins

[ 2015-09-18T15:15:28+08:00 ] 127.0.0.1 /riding/Publicplugins/jvectormap/jquery-jvectormap-1.2.2.css
INFO: [ app_init ] --START--
INFO: Run Behavior\BuildLiteBehavior [ RunTime:0.000025s ]
INFO: [ app_init ] --END-- [ RunTime:0.000547s ]
ERR: 无法加载模块:Publicplugins

[ 2015-09-18T15:15:28+08:00 ] 127.0.0.1 /riding/Publicdist/css/skins/_all-skins.min.css
INFO: [ app_init ] --START--
INFO: Run Behavior\BuildLiteBehavior [ RunTime:0.000027s ]
INFO: [ app_init ] --END-- [ RunTime:0.000529s ]
ERR: 无法加载模块:Publicdist

[ 2015-09-18T15:15:28+08:00 ] 127.0.0.1 /riding/Publicplugins/datepicker/datepicker3.css
INFO: [ app_init ] --START--
INFO: Run Behavior\BuildLiteBehavior [ RunTime:0.000031s ]
INFO: [ app_init ] --END-- [ RunTime:0.000599s ]
ERR: 无法加载模块:Publicplugins

[ 2015-09-18T15:15:28+08:00 ] 127.0.0.1 /riding/plugins/jQuery/jQuery-2.1.4.min.js
INFO: [ app_init ] --START--
INFO: Run Behavior\BuildLiteBehavior [ RunTime:0.000027s ]
INFO: [ app_init ] --END-- [ RunTime:0.000516s ]
ERR: 无法加载模块:Plugins

[ 2015-09-18T15:15:28+08:00 ] 127.0.0.1 /riding/Publicplugins/daterangepicker/daterangepicker-bs3.css
INFO: [ app_init ] --START--
INFO: Run Behavior\BuildLiteBehavior [ RunTime:0.000027s ]
INFO: [ app_init ] --END-- [ RunTime:0.000865s ]
ERR: 无法加载模块:Publicplugins

[ 2015-09-18T15:15:28+08:00 ] 127.0.0.1 /riding/Publicplugins/bootstrap-wysihtml5/bootstrap3-wysihtml5.min.css
INFO: [ app_init ] --START--
INFO: Run Behavior\BuildLiteBehavior [ RunTime:0.000029s ]
INFO: [ app_init ] --END-- [ RunTime:0.001025s ]
ERR: 无法加载模块:Publicplugins

[ 2015-09-18T15:15:28+08:00 ] 127.0.0.1 /riding/bootstrap/js/bootstrap.min.js
INFO: [ app_init ] --START--
INFO: Run Behavior\BuildLiteBehavior [ RunTime:0.000030s ]
INFO: [ app_init ] --END-- [ RunTime:0.000764s ]
ERR: 无法加载模块:Bootstrap

[ 2015-09-18T15:15:28+08:00 ] 127.0.0.1 /riding/dist/js/jquery-ui.min.js
INFO: [ app_init ] --START--
INFO: Run Behavior\BuildLiteBehavior [ RunTime:0.000026s ]
INFO: [ app_init ] --END-- [ RunTime:0.000567s ]
ERR: 无法加载模块:Dist

[ 2015-09-18T15:15:28+08:00 ] 127.0.0.1 /riding/plugins/jvectormap/jquery-jvectormap-world-mill-en.js
INFO: [ app_init ] --START--
INFO: Run Behavior\BuildLiteBehavior [ RunTime:0.000032s ]
INFO: [ app_init ] --END-- [ RunTime:0.001153s ]
ERR: 无法加载模块:Plugins

[ 2015-09-18T15:15:28+08:00 ] 127.0.0.1 /riding/plugins/knob/jquery.knob.js
INFO: [ app_init ] --START--
INFO: Run Behavior\BuildLiteBehavior [ RunTime:0.000036s ]
INFO: [ app_init ] --END-- [ RunTime:0.000797s ]
ERR: 无法加载模块:Plugins

[ 2015-09-18T15:15:28+08:00 ] 127.0.0.1 /riding/plugins/morris/morris.min.js
INFO: [ app_init ] --START--
INFO: Run Behavior\BuildLiteBehavior [ RunTime:0.000025s ]
INFO: [ app_init ] --END-- [ RunTime:0.000517s ]
ERR: 无法加载模块:Plugins

[ 2015-09-18T15:15:28+08:00 ] 127.0.0.1 /riding/plugins/sparkline/jquery.sparkline.min.js
INFO: [ app_init ] --START--
INFO: Run Behavior\BuildLiteBehavior [ RunTime:0.000028s ]
INFO: [ app_init ] --END-- [ RunTime:0.000649s ]
ERR: 无法加载模块:Plugins

[ 2015-09-18T15:15:28+08:00 ] 127.0.0.1 /riding/plugins/jvectormap/jquery-jvectormap-1.2.2.min.js
INFO: [ app_init ] --START--
INFO: Run Behavior\BuildLiteBehavior [ RunTime:0.000028s ]
INFO: [ app_init ] --END-- [ RunTime:0.000665s ]
ERR: 无法加载模块:Plugins

[ 2015-09-18T15:15:28+08:00 ] 127.0.0.1 /riding/dist/js/raphael-min.js
INFO: [ app_init ] --START--
INFO: Run Behavior\BuildLiteBehavior [ RunTime:0.000034s ]
INFO: [ app_init ] --END-- [ RunTime:0.013171s ]
ERR: 无法加载模块:Dist

[ 2015-09-18T15:15:28+08:00 ] 127.0.0.1 /riding/plugins/datepicker/bootstrap-datepicker.js
INFO: [ app_init ] --START--
INFO: Run Behavior\BuildLiteBehavior [ RunTime:0.000028s ]
INFO: [ app_init ] --END-- [ RunTime:0.000513s ]
ERR: 无法加载模块:Plugins

[ 2015-09-18T15:15:28+08:00 ] 127.0.0.1 /riding/plugins/bootstrap-wysihtml5/bootstrap3-wysihtml5.all.min.js
INFO: [ app_init ] --START--
INFO: Run Behavior\BuildLiteBehavior [ RunTime:0.000027s ]
INFO: [ app_init ] --END-- [ RunTime:0.000691s ]
ERR: 无法加载模块:Plugins

[ 2015-09-18T15:15:28+08:00 ] 127.0.0.1 /riding/dist/js/moment.min.js
INFO: [ app_init ] --START--
INFO: Run Behavior\BuildLiteBehavior [ RunTime:0.000027s ]
INFO: [ app_init ] --END-- [ RunTime:0.000555s ]
ERR: 无法加载模块:Dist

[ 2015-09-18T15:15:28+08:00 ] 127.0.0.1 /riding/dist/js/app.min.js
INFO: [ app_init ] --START--
INFO: Run Behavior\BuildLiteBehavior [ RunTime:0.000026s ]
INFO: [ app_init ] --END-- [ RunTime:0.000563s ]
ERR: 无法加载模块:Dist

[ 2015-09-18T15:15:28+08:00 ] 127.0.0.1 /riding/plugins/daterangepicker/daterangepicker.js
INFO: [ app_init ] --START--
INFO: Run Behavior\BuildLiteBehavior [ RunTime:0.000052s ]
INFO: [ app_init ] --END-- [ RunTime:0.000784s ]
ERR: 无法加载模块:Plugins

[ 2015-09-18T15:15:28+08:00 ] 127.0.0.1 /riding/dist/js/demo.js
INFO: [ app_init ] --START--
INFO: Run Behavior\BuildLiteBehavior [ RunTime:0.000028s ]
INFO: [ app_init ] --END-- [ RunTime:0.000610s ]
ERR: 无法加载模块:Dist

[ 2015-09-18T15:15:28+08:00 ] 127.0.0.1 /riding/plugins/slimScroll/jquery.slimscroll.min.js
INFO: [ app_init ] --START--
INFO: Run Behavior\BuildLiteBehavior [ RunTime:0.000029s ]
INFO: [ app_init ] --END-- [ RunTime:0.000645s ]
ERR: 无法加载模块:Plugins

[ 2015-09-18T15:15:28+08:00 ] 127.0.0.1 /riding/plugins/fastclick/fastclick.min.js
INFO: [ app_init ] --START--
INFO: Run Behavior\BuildLiteBehavior [ RunTime:0.000032s ]
INFO: [ app_init ] --END-- [ RunTime:0.000728s ]
ERR: 无法加载模块:Plugins

[ 2015-09-18T15:15:28+08:00 ] 127.0.0.1 /riding/dist/js/pages/dashboard.js
INFO: [ app_init ] --START--
INFO: Run Behavior\BuildLiteBehavior [ RunTime:0.000030s ]
INFO: [ app_init ] --END-- [ RunTime:0.000618s ]
ERR: 无法加载模块:Dist

[ 2015-09-18T15:15:29+08:00 ] 127.0.0.1 /riding/dist/img/user4-128x128.jpg
INFO: [ app_init ] --START--
INFO: Run Behavior\BuildLiteBehavior [ RunTime:0.000030s ]
INFO: [ app_init ] --END-- [ RunTime:0.000526s ]
ERR: 无法加载模块:Dist

[ 2015-09-18T15:15:29+08:00 ] 127.0.0.1 /riding/dist/img/user2-160x160.jpg
INFO: [ app_init ] --START--
INFO: Run Behavior\BuildLiteBehavior [ RunTime:0.000026s ]
INFO: [ app_init ] --END-- [ RunTime:0.000543s ]
ERR: 无法加载模块:Dist

[ 2015-09-18T15:15:29+08:00 ] 127.0.0.1 /riding/dist/img/user3-128x128.jpg
INFO: [ app_init ] --START--
INFO: Run Behavior\BuildLiteBehavior [ RunTime:0.000031s ]
INFO: [ app_init ] --END-- [ RunTime:0.000781s ]
ERR: 无法加载模块:Dist

[ 2015-09-18T15:15:54+08:00 ] 127.0.0.1 /riding/Publicdist/css/AdminLTE.min.css
INFO: [ app_init ] --START--
INFO: Run Behavior\BuildLiteBehavior [ RunTime:0.000035s ]
INFO: [ app_init ] --END-- [ RunTime:0.000756s ]
ERR: 无法加载模块:Publicdist

[ 2015-09-18T15:15:54+08:00 ] 127.0.0.1 /riding/Publicdist/css/skins/_all-skins.min.css
INFO: [ app_init ] --START--
INFO: Run Behavior\BuildLiteBehavior [ RunTime:0.000027s ]
INFO: [ app_init ] --END-- [ RunTime:0.000553s ]
ERR: 无法加载模块:Publicdist

[ 2015-09-18T15:15:54+08:00 ] 127.0.0.1 /riding/Publicplugins/iCheck/flat/blue.css
INFO: [ app_init ] --START--
INFO: Run Behavior\BuildLiteBehavior [ RunTime:0.000027s ]
INFO: [ app_init ] --END-- [ RunTime:0.000596s ]
ERR: 无法加载模块:Publicplugins

[ 2015-09-18T15:15:54+08:00 ] 127.0.0.1 /riding/Publicdist/css/ionicons.min.css
INFO: [ app_init ] --START--
INFO: Run Behavior\BuildLiteBehavior [ RunTime:0.000028s ]
INFO: [ app_init ] --END-- [ RunTime:0.000596s ]
ERR: 无法加载模块:Publicdist

[ 2015-09-18T15:15:54+08:00 ] 127.0.0.1 /riding/Publicbootstrap/css/bootstrap.min.css
INFO: [ app_init ] --START--
INFO: Run Behavior\BuildLiteBehavior [ RunTime:0.000024s ]
INFO: [ app_init ] --END-- [ RunTime:0.000500s ]
ERR: 无法加载模块:Publicbootstrap

[ 2015-09-18T15:15:54+08:00 ] 127.0.0.1 /riding/Publicplugins/morris/morris.css
INFO: [ app_init ] --START--
INFO: Run Behavior\BuildLiteBehavior [ RunTime:0.000028s ]
INFO: [ app_init ] --END-- [ RunTime:0.001338s ]
ERR: 无法加载模块:Publicplugins

[ 2015-09-18T15:15:54+08:00 ] 127.0.0.1 /riding/Publicplugins/daterangepicker/daterangepicker-bs3.css
INFO: [ app_init ] --START--
INFO: Run Behavior\BuildLiteBehavior [ RunTime:0.000023s ]
INFO: [ app_init ] --END-- [ RunTime:0.000438s ]
ERR: 无法加载模块:Publicplugins

[ 2015-09-18T15:15:54+08:00 ] 127.0.0.1 /riding/plugins/jQuery/jQuery-2.1.4.min.js
INFO: [ app_init ] --START--
INFO: Run Behavior\BuildLiteBehavior [ RunTime:0.000029s ]
INFO: [ app_init ] --END-- [ RunTime:0.000571s ]
ERR: 无法加载模块:Plugins

[ 2015-09-18T15:15:54+08:00 ] 127.0.0.1 /riding/dist/js/jquery-ui.min.js
INFO: [ app_init ] --START--
INFO: Run Behavior\BuildLiteBehavior [ RunTime:0.000026s ]
INFO: [ app_init ] --END-- [ RunTime:0.000498s ]
ERR: 无法加载模块:Dist

[ 2015-09-18T15:15:54+08:00 ] 127.0.0.1 /riding/Publicplugins/bootstrap-wysihtml5/bootstrap3-wysihtml5.min.css
INFO: [ app_init ] --START--
INFO: Run Behavior\BuildLiteBehavior [ RunTime:0.000054s ]
INFO: [ app_init ] --END-- [ RunTime:0.000657s ]
ERR: 无法加载模块:Publicplugins

[ 2015-09-18T15:15:54+08:00 ] 127.0.0.1 /riding/Publicplugins/datepicker/datepicker3.css
INFO: [ app_init ] --START--
INFO: Run Behavior\BuildLiteBehavior [ RunTime:0.000028s ]
INFO: [ app_init ] --END-- [ RunTime:0.000914s ]
ERR: 无法加载模块:Publicplugins

[ 2015-09-18T15:15:54+08:00 ] 127.0.0.1 /riding/Publicdist/css/font-awesome.min.css
INFO: [ app_init ] --START--
INFO: Run Behavior\BuildLiteBehavior [ RunTime:0.000027s ]
INFO: [ app_init ] --END-- [ RunTime:0.000517s ]
ERR: 无法加载模块:Publicdist

[ 2015-09-18T15:15:54+08:00 ] 127.0.0.1 /riding/bootstrap/js/bootstrap.min.js
INFO: [ app_init ] --START--
INFO: Run Behavior\BuildLiteBehavior [ RunTime:0.000028s ]
INFO: [ app_init ] --END-- [ RunTime:0.000627s ]
ERR: 无法加载模块:Bootstrap

[ 2015-09-18T15:15:54+08:00 ] 127.0.0.1 /riding/plugins/sparkline/jquery.sparkline.min.js
INFO: [ app_init ] --START--
INFO: Run Behavior\BuildLiteBehavior [ RunTime:0.000026s ]
INFO: [ app_init ] --END-- [ RunTime:0.000489s ]
ERR: 无法加载模块:Plugins

[ 2015-09-18T15:15:54+08:00 ] 127.0.0.1 /riding/plugins/morris/morris.min.js
INFO: [ app_init ] --START--
INFO: Run Behavior\BuildLiteBehavior [ RunTime:0.000031s ]
INFO: [ app_init ] --END-- [ RunTime:0.016623s ]
ERR: 无法加载模块:Plugins

[ 2015-09-18T15:15:54+08:00 ] 127.0.0.1 /riding/plugins/jvectormap/jquery-jvectormap-world-mill-en.js
INFO: [ app_init ] --START--
INFO: Run Behavior\BuildLiteBehavior [ RunTime:0.000038s ]
INFO: [ app_init ] --END-- [ RunTime:0.000661s ]
ERR: 无法加载模块:Plugins

[ 2015-09-18T15:15:54+08:00 ] 127.0.0.1 /riding/dist/js/raphael-min.js
INFO: [ app_init ] --START--
INFO: Run Behavior\BuildLiteBehavior [ RunTime:0.000027s ]
INFO: [ app_init ] --END-- [ RunTime:0.000537s ]
ERR: 无法加载模块:Dist

[ 2015-09-18T15:15:54+08:00 ] 127.0.0.1 /riding/Publicplugins/jvectormap/jquery-jvectormap-1.2.2.css
INFO: [ app_init ] --START--
INFO: Run Behavior\BuildLiteBehavior [ RunTime:0.000026s ]
INFO: [ app_init ] --END-- [ RunTime:0.000577s ]
ERR: 无法加载模块:Publicplugins

[ 2015-09-18T15:15:54+08:00 ] 127.0.0.1 /riding/plugins/jvectormap/jquery-jvectormap-1.2.2.min.js
INFO: [ app_init ] --START--
INFO: Run Behavior\BuildLiteBehavior [ RunTime:0.000030s ]
INFO: [ app_init ] --END-- [ RunTime:0.001109s ]
ERR: 无法加载模块:Plugins

[ 2015-09-18T15:15:54+08:00 ] 127.0.0.1 /riding/plugins/knob/jquery.knob.js
INFO: [ app_init ] --START--
INFO: Run Behavior\BuildLiteBehavior [ RunTime:0.000033s ]
INFO: [ app_init ] --END-- [ RunTime:0.000609s ]
ERR: 无法加载模块:Plugins

[ 2015-09-18T15:15:54+08:00 ] 127.0.0.1 /riding/dist/js/moment.min.js
INFO: [ app_init ] --START--
INFO: Run Behavior\BuildLiteBehavior [ RunTime:0.000027s ]
INFO: [ app_init ] --END-- [ RunTime:0.000653s ]
ERR: 无法加载模块:Dist

[ 2015-09-18T15:15:54+08:00 ] 127.0.0.1 /riding/plugins/daterangepicker/daterangepicker.js
INFO: [ app_init ] --START--
INFO: Run Behavior\BuildLiteBehavior [ RunTime:0.000027s ]
INFO: [ app_init ] --END-- [ RunTime:0.000594s ]
ERR: 无法加载模块:Plugins

[ 2015-09-18T15:15:54+08:00 ] 127.0.0.1 /riding/plugins/datepicker/bootstrap-datepicker.js
INFO: [ app_init ] --START--
INFO: Run Behavior\BuildLiteBehavior [ RunTime:0.000028s ]
INFO: [ app_init ] --END-- [ RunTime:0.000590s ]
ERR: 无法加载模块:Plugins

[ 2015-09-18T15:15:54+08:00 ] 127.0.0.1 /riding/plugins/bootstrap-wysihtml5/bootstrap3-wysihtml5.all.min.js
INFO: [ app_init ] --START--
INFO: Run Behavior\BuildLiteBehavior [ RunTime:0.000031s ]
INFO: [ app_init ] --END-- [ RunTime:0.000737s ]
ERR: 无法加载模块:Plugins

[ 2015-09-18T15:15:54+08:00 ] 127.0.0.1 /riding/plugins/fastclick/fastclick.min.js
INFO: [ app_init ] --START--
INFO: Run Behavior\BuildLiteBehavior [ RunTime:0.000026s ]
INFO: [ app_init ] --END-- [ RunTime:0.000574s ]
ERR: 无法加载模块:Plugins

[ 2015-09-18T15:15:54+08:00 ] 127.0.0.1 /riding/plugins/slimScroll/jquery.slimscroll.min.js
INFO: [ app_init ] --START--
INFO: Run Behavior\BuildLiteBehavior [ RunTime:0.000028s ]
INFO: [ app_init ] --END-- [ RunTime:0.000577s ]
ERR: 无法加载模块:Plugins

[ 2015-09-18T15:15:54+08:00 ] 127.0.0.1 /riding/dist/js/demo.js
INFO: [ app_init ] --START--
INFO: Run Behavior\BuildLiteBehavior [ RunTime:0.000032s ]
INFO: [ app_init ] --END-- [ RunTime:0.001133s ]
ERR: 无法加载模块:Dist

[ 2015-09-18T15:15:54+08:00 ] 127.0.0.1 /riding/dist/js/app.min.js
INFO: [ app_init ] --START--
INFO: Run Behavior\BuildLiteBehavior [ RunTime:0.000027s ]
INFO: [ app_init ] --END-- [ RunTime:0.000558s ]
ERR: 无法加载模块:Dist

[ 2015-09-18T15:15:54+08:00 ] 127.0.0.1 /riding/dist/js/pages/dashboard.js
INFO: [ app_init ] --START--
INFO: Run Behavior\BuildLiteBehavior [ RunTime:0.000027s ]
INFO: [ app_init ] --END-- [ RunTime:0.000547s ]
ERR: 无法加载模块:Dist

[ 2015-09-18T15:15:54+08:00 ] 127.0.0.1 /riding/dist/img/user2-160x160.jpg
INFO: [ app_init ] --START--
INFO: Run Behavior\BuildLiteBehavior [ RunTime:0.000030s ]
INFO: [ app_init ] --END-- [ RunTime:0.000658s ]
ERR: 无法加载模块:Dist

[ 2015-09-18T15:15:54+08:00 ] 127.0.0.1 /riding/dist/img/user4-128x128.jpg
INFO: [ app_init ] --START--
INFO: Run Behavior\BuildLiteBehavior [ RunTime:0.000024s ]
INFO: [ app_init ] --END-- [ RunTime:0.000782s ]
ERR: 无法加载模块:Dist

[ 2015-09-18T15:15:54+08:00 ] 127.0.0.1 /riding/dist/img/user3-128x128.jpg
INFO: [ app_init ] --START--
INFO: Run Behavior\BuildLiteBehavior [ RunTime:0.000031s ]
INFO: [ app_init ] --END-- [ RunTime:0.001288s ]
ERR: 无法加载模块:Dist

[ 2015-09-18T15:16:05+08:00 ] 127.0.0.1 /riding/pages/tables/simple.html
INFO: [ app_init ] --START--
INFO: Run Behavior\BuildLiteBehavior [ RunTime:0.000015s ]
INFO: [ app_init ] --END-- [ RunTime:0.000360s ]
ERR: 无法加载模块:Pages

[ 2015-09-18T15:22:03+08:00 ] 127.0.0.1 /riding/Publicdist/css/ionicons.min.css
INFO: [ app_init ] --START--
INFO: Run Behavior\BuildLiteBehavior [ RunTime:0.000037s ]
INFO: [ app_init ] --END-- [ RunTime:0.000711s ]
ERR: 无法加载模块:Publicdist

[ 2015-09-18T15:22:03+08:00 ] 127.0.0.1 /riding/Publicbootstrap/css/bootstrap.min.css
INFO: [ app_init ] --START--
INFO: Run Behavior\BuildLiteBehavior [ RunTime:0.000030s ]
INFO: [ app_init ] --END-- [ RunTime:0.000582s ]
ERR: 无法加载模块:Publicbootstrap

[ 2015-09-18T15:22:03+08:00 ] 127.0.0.1 /riding/Publicplugins/iCheck/flat/blue.css
INFO: [ app_init ] --START--
INFO: Run Behavior\BuildLiteBehavior [ RunTime:0.000028s ]
INFO: [ app_init ] --END-- [ RunTime:0.000615s ]
ERR: 无法加载模块:Publicplugins

[ 2015-09-18T15:22:03+08:00 ] 127.0.0.1 /riding/Publicdist/css/font-awesome.min.css
INFO: [ app_init ] --START--
INFO: Run Behavior\BuildLiteBehavior [ RunTime:0.000027s ]
INFO: [ app_init ] --END-- [ RunTime:0.000616s ]
ERR: 无法加载模块:Publicdist

[ 2015-09-18T15:22:03+08:00 ] 127.0.0.1 /riding/Publicdist/css/skins/_all-skins.min.css
INFO: [ app_init ] --START--
INFO: Run Behavior\BuildLiteBehavior [ RunTime:0.000029s ]
INFO: [ app_init ] --END-- [ RunTime:0.000652s ]
ERR: 无法加载模块:Publicdist

[ 2015-09-18T15:22:03+08:00 ] 127.0.0.1 /riding/Publicplugins/morris/morris.css
INFO: [ app_init ] --START--
INFO: Run Behavior\BuildLiteBehavior [ RunTime:0.000043s ]
INFO: [ app_init ] --END-- [ RunTime:0.001006s ]
ERR: 无法加载模块:Publicplugins

[ 2015-09-18T15:22:03+08:00 ] 127.0.0.1 /riding/Publicplugins/jvectormap/jquery-jvectormap-1.2.2.css
INFO: [ app_init ] --START--
INFO: Run Behavior\BuildLiteBehavior [ RunTime:0.000029s ]
INFO: [ app_init ] --END-- [ RunTime:0.000588s ]
ERR: 无法加载模块:Publicplugins

[ 2015-09-18T15:22:03+08:00 ] 127.0.0.1 /riding/Publicdist/css/AdminLTE.min.css
INFO: [ app_init ] --START--
INFO: Run Behavior\BuildLiteBehavior [ RunTime:0.000055s ]
INFO: [ app_init ] --END-- [ RunTime:0.002980s ]
ERR: 无法加载模块:Publicdist

[ 2015-09-18T15:22:03+08:00 ] 127.0.0.1 /riding/Publicplugins/bootstrap-wysihtml5/bootstrap3-wysihtml5.min.css
INFO: [ app_init ] --START--
INFO: Run Behavior\BuildLiteBehavior [ RunTime:0.000028s ]
INFO: [ app_init ] --END-- [ RunTime:0.000589s ]
ERR: 无法加载模块:Publicplugins

[ 2015-09-18T15:22:03+08:00 ] 127.0.0.1 /riding/Publicplugins/daterangepicker/daterangepicker-bs3.css
INFO: [ app_init ] --START--
INFO: Run Behavior\BuildLiteBehavior [ RunTime:0.000025s ]
INFO: [ app_init ] --END-- [ RunTime:0.000516s ]
ERR: 无法加载模块:Publicplugins

[ 2015-09-18T15:22:03+08:00 ] 127.0.0.1 /riding/plugins/jQuery/jQuery-2.1.4.min.js
INFO: [ app_init ] --START--
INFO: Run Behavior\BuildLiteBehavior [ RunTime:0.000030s ]
INFO: [ app_init ] --END-- [ RunTime:0.000605s ]
ERR: 无法加载模块:Plugins

[ 2015-09-18T15:22:03+08:00 ] 127.0.0.1 /riding/Publicplugins/datepicker/datepicker3.css
INFO: [ app_init ] --START--
INFO: Run Behavior\BuildLiteBehavior [ RunTime:0.000028s ]
INFO: [ app_init ] --END-- [ RunTime:0.000711s ]
ERR: 无法加载模块:Publicplugins

[ 2015-09-18T15:22:03+08:00 ] 127.0.0.1 /riding/bootstrap/js/bootstrap.min.js
INFO: [ app_init ] --START--
INFO: Run Behavior\BuildLiteBehavior [ RunTime:0.000029s ]
INFO: [ app_init ] --END-- [ RunTime:0.000547s ]
ERR: 无法加载模块:Bootstrap

[ 2015-09-18T15:22:03+08:00 ] 127.0.0.1 /riding/dist/js/raphael-min.js
INFO: [ app_init ] --START--
INFO: Run Behavior\BuildLiteBehavior [ RunTime:0.000030s ]
INFO: [ app_init ] --END-- [ RunTime:0.000615s ]
ERR: 无法加载模块:Dist

[ 2015-09-18T15:22:03+08:00 ] 127.0.0.1 /riding/dist/js/jquery-ui.min.js
INFO: [ app_init ] --START--
INFO: Run Behavior\BuildLiteBehavior [ RunTime:0.000028s ]
INFO: [ app_init ] --END-- [ RunTime:0.000603s ]
ERR: 无法加载模块:Dist

[ 2015-09-18T15:22:03+08:00 ] 127.0.0.1 /riding/plugins/morris/morris.min.js
INFO: [ app_init ] --START--
INFO: Run Behavior\BuildLiteBehavior [ RunTime:0.000032s ]
INFO: [ app_init ] --END-- [ RunTime:0.000642s ]
ERR: 无法加载模块:Plugins

[ 2015-09-18T15:22:03+08:00 ] 127.0.0.1 /riding/plugins/jvectormap/jquery-jvectormap-world-mill-en.js
INFO: [ app_init ] --START--
INFO: Run Behavior\BuildLiteBehavior [ RunTime:0.000029s ]
INFO: [ app_init ] --END-- [ RunTime:0.000735s ]
ERR: 无法加载模块:Plugins

[ 2015-09-18T15:22:03+08:00 ] 127.0.0.1 /riding/plugins/knob/jquery.knob.js
INFO: [ app_init ] --START--
INFO: Run Behavior\BuildLiteBehavior [ RunTime:0.000030s ]
INFO: [ app_init ] --END-- [ RunTime:0.000989s ]
ERR: 无法加载模块:Plugins

[ 2015-09-18T15:22:03+08:00 ] 127.0.0.1 /riding/dist/js/moment.min.js
INFO: [ app_init ] --START--
INFO: Run Behavior\BuildLiteBehavior [ RunTime:0.000033s ]
INFO: [ app_init ] --END-- [ RunTime:0.009614s ]
ERR: 无法加载模块:Dist

[ 2015-09-18T15:22:03+08:00 ] 127.0.0.1 /riding/plugins/sparkline/jquery.sparkline.min.js
INFO: [ app_init ] --START--
INFO: Run Behavior\BuildLiteBehavior [ RunTime:0.000030s ]
INFO: [ app_init ] --END-- [ RunTime:0.000571s ]
ERR: 无法加载模块:Plugins

[ 2015-09-18T15:22:03+08:00 ] 127.0.0.1 /riding/plugins/daterangepicker/daterangepicker.js
INFO: [ app_init ] --START--
INFO: Run Behavior\BuildLiteBehavior [ RunTime:0.000026s ]
INFO: [ app_init ] --END-- [ RunTime:0.000557s ]
ERR: 无法加载模块:Plugins

[ 2015-09-18T15:22:03+08:00 ] 127.0.0.1 /riding/plugins/jvectormap/jquery-jvectormap-1.2.2.min.js
INFO: [ app_init ] --START--
INFO: Run Behavior\BuildLiteBehavior [ RunTime:0.000028s ]
INFO: [ app_init ] --END-- [ RunTime:0.000568s ]
ERR: 无法加载模块:Plugins

[ 2015-09-18T15:22:03+08:00 ] 127.0.0.1 /riding/plugins/datepicker/bootstrap-datepicker.js
INFO: [ app_init ] --START--
INFO: Run Behavior\BuildLiteBehavior [ RunTime:0.000029s ]
INFO: [ app_init ] --END-- [ RunTime:0.000527s ]
ERR: 无法加载模块:Plugins

[ 2015-09-18T15:22:03+08:00 ] 127.0.0.1 /riding/plugins/slimScroll/jquery.slimscroll.min.js
INFO: [ app_init ] --START--
INFO: Run Behavior\BuildLiteBehavior [ RunTime:0.000030s ]
INFO: [ app_init ] --END-- [ RunTime:0.000553s ]
ERR: 无法加载模块:Plugins

[ 2015-09-18T15:22:03+08:00 ] 127.0.0.1 /riding/plugins/fastclick/fastclick.min.js
INFO: [ app_init ] --START--
INFO: Run Behavior\BuildLiteBehavior [ RunTime:0.000027s ]
INFO: [ app_init ] --END-- [ RunTime:0.000518s ]
ERR: 无法加载模块:Plugins

[ 2015-09-18T15:22:03+08:00 ] 127.0.0.1 /riding/dist/js/app.min.js
INFO: [ app_init ] --START--
INFO: Run Behavior\BuildLiteBehavior [ RunTime:0.000028s ]
INFO: [ app_init ] --END-- [ RunTime:0.000536s ]
ERR: 无法加载模块:Dist

[ 2015-09-18T15:22:03+08:00 ] 127.0.0.1 /riding/plugins/bootstrap-wysihtml5/bootstrap3-wysihtml5.all.min.js
INFO: [ app_init ] --START--
INFO: Run Behavior\BuildLiteBehavior [ RunTime:0.000028s ]
INFO: [ app_init ] --END-- [ RunTime:0.000553s ]
ERR: 无法加载模块:Plugins

[ 2015-09-18T15:22:03+08:00 ] 127.0.0.1 /riding/dist/js/pages/dashboard.js
INFO: [ app_init ] --START--
INFO: Run Behavior\BuildLiteBehavior [ RunTime:0.000028s ]
INFO: [ app_init ] --END-- [ RunTime:0.000568s ]
ERR: 无法加载模块:Dist

[ 2015-09-18T15:22:03+08:00 ] 127.0.0.1 /riding/dist/js/demo.js
INFO: [ app_init ] --START--
INFO: Run Behavior\BuildLiteBehavior [ RunTime:0.000052s ]
INFO: [ app_init ] --END-- [ RunTime:0.000762s ]
ERR: 无法加载模块:Dist

[ 2015-09-18T15:22:03+08:00 ] 127.0.0.1 /riding/Publicdist/img/user2-160x160.jpg
INFO: [ app_init ] --START--
INFO: Run Behavior\BuildLiteBehavior [ RunTime:0.000026s ]
INFO: [ app_init ] --END-- [ RunTime:0.000604s ]
ERR: 无法加载模块:Publicdist

[ 2015-09-18T15:22:03+08:00 ] 127.0.0.1 /riding/Publicdist/img/user4-128x128.jpg
INFO: [ app_init ] --START--
INFO: Run Behavior\BuildLiteBehavior [ RunTime:0.000026s ]
INFO: [ app_init ] --END-- [ RunTime:0.000540s ]
ERR: 无法加载模块:Publicdist

[ 2015-09-18T15:22:03+08:00 ] 127.0.0.1 /riding/Publicdist/img/user3-128x128.jpg
INFO: [ app_init ] --START--
INFO: Run Behavior\BuildLiteBehavior [ RunTime:0.000029s ]
INFO: [ app_init ] --END-- [ RunTime:0.000531s ]
ERR: 无法加载模块:Publicdist

[ 2015-09-18T15:22:03+08:00 ] 127.0.0.1 /riding/dist/img/user4-128x128.jpg
INFO: [ app_init ] --START--
INFO: Run Behavior\BuildLiteBehavior [ RunTime:0.000026s ]
INFO: [ app_init ] --END-- [ RunTime:0.000583s ]
ERR: 无法加载模块:Dist

[ 2015-09-18T15:22:03+08:00 ] 127.0.0.1 /riding/dist/img/user2-160x160.jpg
INFO: [ app_init ] --START--
INFO: Run Behavior\BuildLiteBehavior [ RunTime:0.000017s ]
INFO: [ app_init ] --END-- [ RunTime:0.000374s ]
ERR: 无法加载模块:Dist

[ 2015-09-18T15:22:09+08:00 ] 127.0.0.1 /riding/index2.html
INFO: [ app_init ] --START--
INFO: Run Behavior\BuildLiteBehavior [ RunTime:0.000020s ]
INFO: [ app_init ] --END-- [ RunTime:0.000532s ]
ERR: 无法加载模块:Index2

[ 2015-09-18T15:22:12+08:00 ] 127.0.0.1 /riding/index2.html
INFO: [ app_init ] --START--
INFO: Run Behavior\BuildLiteBehavior [ RunTime:0.000036s ]
INFO: [ app_init ] --END-- [ RunTime:0.000626s ]
ERR: 无法加载模块:Index2

[ 2015-09-18T15:29:39+08:00 ] 127.0.0.1 /riding/Publicdist/css/ionicons.min.css
INFO: [ app_init ] --START--
INFO: Run Behavior\BuildLiteBehavior [ RunTime:0.000030s ]
INFO: [ app_init ] --END-- [ RunTime:0.000567s ]
ERR: 无法加载模块:Publicdist

[ 2015-09-18T15:29:39+08:00 ] 127.0.0.1 /riding/Publicbootstrap/css/bootstrap.min.css
INFO: [ app_init ] --START--
INFO: Run Behavior\BuildLiteBehavior [ RunTime:0.000028s ]
INFO: [ app_init ] --END-- [ RunTime:0.000615s ]
ERR: 无法加载模块:Publicbootstrap

[ 2015-09-18T15:29:39+08:00 ] 127.0.0.1 /riding/Publicdist/css/font-awesome.min.css
INFO: [ app_init ] --START--
INFO: Run Behavior\BuildLiteBehavior [ RunTime:0.000020s ]
INFO: [ app_init ] --END-- [ RunTime:0.000550s ]
ERR: 无法加载模块:Publicdist

[ 2015-09-18T15:29:39+08:00 ] 127.0.0.1 /riding/Publicdist/css/AdminLTE.min.css
INFO: [ app_init ] --START--
INFO: Run Behavior\BuildLiteBehavior [ RunTime:0.000015s ]
INFO: [ app_init ] --END-- [ RunTime:0.000355s ]
ERR: 无法加载模块:Publicdist

[ 2015-09-18T15:29:39+08:00 ] 127.0.0.1 /riding/Publicdist/css/skins/_all-skins.min.css
INFO: [ app_init ] --START--
INFO: Run Behavior\BuildLiteBehavior [ RunTime:0.000031s ]
INFO: [ app_init ] --END-- [ RunTime:0.001848s ]
ERR: 无法加载模块:Publicdist

[ 2015-09-18T15:29:39+08:00 ] 127.0.0.1 /riding/Publicplugins/datepicker/datepicker3.css
INFO: [ app_init ] --START--
INFO: Run Behavior\BuildLiteBehavior [ RunTime:0.000027s ]
INFO: [ app_init ] --END-- [ RunTime:0.000645s ]
ERR: 无法加载模块:Publicplugins

[ 2015-09-18T15:29:39+08:00 ] 127.0.0.1 /riding/Publicplugins/daterangepicker/daterangepicker-bs3.css
INFO: [ app_init ] --START--
INFO: Run Behavior\BuildLiteBehavior [ RunTime:0.000025s ]
INFO: [ app_init ] --END-- [ RunTime:0.000515s ]
ERR: 无法加载模块:Publicplugins

[ 2015-09-18T15:29:39+08:00 ] 127.0.0.1 /riding/Publicplugins/jvectormap/jquery-jvectormap-1.2.2.css
INFO: [ app_init ] --START--
INFO: Run Behavior\BuildLiteBehavior [ RunTime:0.000030s ]
INFO: [ app_init ] --END-- [ RunTime:0.004728s ]
ERR: 无法加载模块:Publicplugins

[ 2015-09-18T15:29:39+08:00 ] 127.0.0.1 /riding/Publicplugins/iCheck/flat/blue.css
INFO: [ app_init ] --START--
INFO: Run Behavior\BuildLiteBehavior [ RunTime:0.000030s ]
INFO: [ app_init ] --END-- [ RunTime:0.000566s ]
ERR: 无法加载模块:Publicplugins

[ 2015-09-18T15:29:39+08:00 ] 127.0.0.1 /riding/Publicplugins/morris/morris.css
INFO: [ app_init ] --START--
INFO: Run Behavior\BuildLiteBehavior [ RunTime:0.000024s ]
INFO: [ app_init ] --END-- [ RunTime:0.000599s ]
ERR: 无法加载模块:Publicplugins

[ 2015-09-18T15:29:39+08:00 ] 127.0.0.1 /riding/Publicplugins/jQuery/jQuery-2.1.4.min.js
INFO: [ app_init ] --START--
INFO: Run Behavior\BuildLiteBehavior [ RunTime:0.000028s ]
INFO: [ app_init ] --END-- [ RunTime:0.000581s ]
ERR: 无法加载模块:Publicplugins

[ 2015-09-18T15:29:39+08:00 ] 127.0.0.1 /riding/Publicbootstrap/js/bootstrap.min.js
INFO: [ app_init ] --START--
INFO: Run Behavior\BuildLiteBehavior [ RunTime:0.000027s ]
INFO: [ app_init ] --END-- [ RunTime:0.000563s ]
ERR: 无法加载模块:Publicbootstrap

[ 2015-09-18T15:29:39+08:00 ] 127.0.0.1 /riding/Publicplugins/bootstrap-wysihtml5/bootstrap3-wysihtml5.min.css
INFO: [ app_init ] --START--
INFO: Run Behavior\BuildLiteBehavior [ RunTime:0.000025s ]
INFO: [ app_init ] --END-- [ RunTime:0.000569s ]
ERR: 无法加载模块:Publicplugins

[ 2015-09-18T15:29:39+08:00 ] 127.0.0.1 /riding/Publicplugins/morris/morris.min.js
INFO: [ app_init ] --START--
INFO: Run Behavior\BuildLiteBehavior [ RunTime:0.000028s ]
INFO: [ app_init ] --END-- [ RunTime:0.000514s ]
ERR: 无法加载模块:Publicplugins

[ 2015-09-18T15:29:39+08:00 ] 127.0.0.1 /riding/Publicdist/js/jquery-ui.min.js
INFO: [ app_init ] --START--
INFO: Run Behavior\BuildLiteBehavior [ RunTime:0.000017s ]
INFO: [ app_init ] --END-- [ RunTime:0.000387s ]
ERR: 无法加载模块:Publicdist

[ 2015-09-18T15:29:39+08:00 ] 127.0.0.1 /riding/Publicplugins/jvectormap/jquery-jvectormap-1.2.2.min.js
INFO: [ app_init ] --START--
INFO: Run Behavior\BuildLiteBehavior [ RunTime:0.000030s ]
INFO: [ app_init ] --END-- [ RunTime:0.000598s ]
ERR: 无法加载模块:Publicplugins

[ 2015-09-18T15:29:39+08:00 ] 127.0.0.1 /riding/Publicdist/js/moment.min.js
INFO: [ app_init ] --START--
INFO: Run Behavior\BuildLiteBehavior [ RunTime:0.000025s ]
INFO: [ app_init ] --END-- [ RunTime:0.000578s ]
ERR: 无法加载模块:Publicdist

[ 2015-09-18T15:29:39+08:00 ] 127.0.0.1 /riding/Publicplugins/jvectormap/jquery-jvectormap-world-mill-en.js
INFO: [ app_init ] --START--
INFO: Run Behavior\BuildLiteBehavior [ RunTime:0.000033s ]
INFO: [ app_init ] --END-- [ RunTime:0.000618s ]
ERR: 无法加载模块:Publicplugins

[ 2015-09-18T15:29:39+08:00 ] 127.0.0.1 /riding/Publicplugins/knob/jquery.knob.js
INFO: [ app_init ] --START--
INFO: Run Behavior\BuildLiteBehavior [ RunTime:0.000027s ]
INFO: [ app_init ] --END-- [ RunTime:0.000558s ]
ERR: 无法加载模块:Publicplugins

[ 2015-09-18T15:29:39+08:00 ] 127.0.0.1 /riding/Publicplugins/sparkline/jquery.sparkline.min.js
INFO: [ app_init ] --START--
INFO: Run Behavior\BuildLiteBehavior [ RunTime:0.000027s ]
INFO: [ app_init ] --END-- [ RunTime:0.000528s ]
ERR: 无法加载模块:Publicplugins

[ 2015-09-18T15:29:39+08:00 ] 127.0.0.1 /riding/Publicplugins/datepicker/bootstrap-datepicker.js
INFO: [ app_init ] --START--
INFO: Run Behavior\BuildLiteBehavior [ RunTime:0.000031s ]
INFO: [ app_init ] --END-- [ RunTime:0.012410s ]
ERR: 无法加载模块:Publicplugins

[ 2015-09-18T15:29:39+08:00 ] 127.0.0.1 /riding/Publicplugins/daterangepicker/daterangepicker.js
INFO: [ app_init ] --START--
INFO: Run Behavior\BuildLiteBehavior [ RunTime:0.000029s ]
INFO: [ app_init ] --END-- [ RunTime:0.004020s ]
ERR: 无法加载模块:Publicplugins

[ 2015-09-18T15:29:39+08:00 ] 127.0.0.1 /riding/Publicplugins/fastclick/fastclick.min.js
INFO: [ app_init ] --START--
INFO: Run Behavior\BuildLiteBehavior [ RunTime:0.000027s ]
INFO: [ app_init ] --END-- [ RunTime:0.000555s ]
ERR: 无法加载模块:Publicplugins

[ 2015-09-18T15:29:39+08:00 ] 127.0.0.1 /riding/Publicdist/js/raphael-min.js
INFO: [ app_init ] --START--
INFO: Run Behavior\BuildLiteBehavior [ RunTime:0.000030s ]
INFO: [ app_init ] --END-- [ RunTime:0.015930s ]
ERR: 无法加载模块:Publicdist

[ 2015-09-18T15:29:39+08:00 ] 127.0.0.1 /riding/Publicplugins/slimScroll/jquery.slimscroll.min.js
INFO: [ app_init ] --START--
INFO: Run Behavior\BuildLiteBehavior [ RunTime:0.000027s ]
INFO: [ app_init ] --END-- [ RunTime:0.000578s ]
ERR: 无法加载模块:Publicplugins

[ 2015-09-18T15:29:39+08:00 ] 127.0.0.1 /riding/Publicplugins/bootstrap-wysihtml5/bootstrap3-wysihtml5.all.min.js
INFO: [ app_init ] --START--
INFO: Run Behavior\BuildLiteBehavior [ RunTime:0.000037s ]
INFO: [ app_init ] --END-- [ RunTime:0.000921s ]
ERR: 无法加载模块:Publicplugins

[ 2015-09-18T15:29:39+08:00 ] 127.0.0.1 /riding/Publicdist/js/app.min.js
INFO: [ app_init ] --START--
INFO: Run Behavior\BuildLiteBehavior [ RunTime:0.000029s ]
INFO: [ app_init ] --END-- [ RunTime:0.001005s ]
ERR: 无法加载模块:Publicdist

[ 2015-09-18T15:29:39+08:00 ] 127.0.0.1 /riding/Publicdist/img/user2-160x160.jpg
INFO: [ app_init ] --START--
INFO: Run Behavior\BuildLiteBehavior [ RunTime:0.000025s ]
INFO: [ app_init ] --END-- [ RunTime:0.000556s ]
ERR: 无法加载模块:Publicdist

[ 2015-09-18T15:29:39+08:00 ] 127.0.0.1 /riding/dist/img/user4-128x128.jpg
INFO: [ app_init ] --START--
INFO: Run Behavior\BuildLiteBehavior [ RunTime:0.000026s ]
INFO: [ app_init ] --END-- [ RunTime:0.000594s ]
ERR: 无法加载模块:Dist

[ 2015-09-18T15:29:39+08:00 ] 127.0.0.1 /riding/Publicdist/img/user4-128x128.jpg
INFO: [ app_init ] --START--
INFO: Run Behavior\BuildLiteBehavior [ RunTime:0.000026s ]
INFO: [ app_init ] --END-- [ RunTime:0.000519s ]
ERR: 无法加载模块:Publicdist

[ 2015-09-18T15:29:39+08:00 ] 127.0.0.1 /riding/Publicdist/js/pages/dashboard.js
INFO: [ app_init ] --START--
INFO: Run Behavior\BuildLiteBehavior [ RunTime:0.000025s ]
INFO: [ app_init ] --END-- [ RunTime:0.000504s ]
ERR: 无法加载模块:Publicdist

[ 2015-09-18T15:29:39+08:00 ] 127.0.0.1 /riding/Publicdist/img/user3-128x128.jpg
INFO: [ app_init ] --START--
INFO: Run Behavior\BuildLiteBehavior [ RunTime:0.000028s ]
INFO: [ app_init ] --END-- [ RunTime:0.000642s ]
ERR: 无法加载模块:Publicdist

[ 2015-09-18T15:29:39+08:00 ] 127.0.0.1 /riding/dist/img/user3-128x128.jpg
INFO: [ app_init ] --START--
INFO: Run Behavior\BuildLiteBehavior [ RunTime:0.000027s ]
INFO: [ app_init ] --END-- [ RunTime:0.000581s ]
ERR: 无法加载模块:Dist

[ 2015-09-18T15:29:39+08:00 ] 127.0.0.1 /riding/Publicdist/js/demo.js
INFO: [ app_init ] --START--
INFO: Run Behavior\BuildLiteBehavior [ RunTime:0.000033s ]
INFO: [ app_init ] --END-- [ RunTime:0.000837s ]
ERR: 无法加载模块:Publicdist

[ 2015-09-18T15:29:39+08:00 ] 127.0.0.1 /riding/dist/img/user2-160x160.jpg
INFO: [ app_init ] --START--
INFO: Run Behavior\BuildLiteBehavior [ RunTime:0.000029s ]
INFO: [ app_init ] --END-- [ RunTime:0.000517s ]
ERR: 无法加载模块:Dist

[ 2015-09-18T15:33:10+08:00 ] 127.0.0.1 /riding/Publicdist/css/font-awesome.min.css
INFO: [ app_init ] --START--
INFO: Run Behavior\BuildLiteBehavior [ RunTime:0.000027s ]
INFO: [ app_init ] --END-- [ RunTime:0.001550s ]
ERR: 无法加载模块:Publicdist

[ 2015-09-18T15:33:10+08:00 ] 127.0.0.1 /riding/Publicbootstrap/css/bootstrap.min.css
INFO: [ app_init ] --START--
INFO: Run Behavior\BuildLiteBehavior [ RunTime:0.000029s ]
INFO: [ app_init ] --END-- [ RunTime:0.000634s ]
ERR: 无法加载模块:Publicbootstrap

[ 2015-09-18T15:33:10+08:00 ] 127.0.0.1 /riding/Publicdist/css/skins/_all-skins.min.css
INFO: [ app_init ] --START--
INFO: Run Behavior\BuildLiteBehavior [ RunTime:0.000022s ]
INFO: [ app_init ] --END-- [ RunTime:0.000615s ]
ERR: 无法加载模块:Publicdist

[ 2015-09-18T15:33:10+08:00 ] 127.0.0.1 /riding/Publicdist/css/ionicons.min.css
INFO: [ app_init ] --START--
INFO: Run Behavior\BuildLiteBehavior [ RunTime:0.000026s ]
INFO: [ app_init ] --END-- [ RunTime:0.000551s ]
ERR: 无法加载模块:Publicdist

[ 2015-09-18T15:33:10+08:00 ] 127.0.0.1 /riding/Publicdist/css/AdminLTE.min.css
INFO: [ app_init ] --START--
INFO: Run Behavior\BuildLiteBehavior [ RunTime:0.000031s ]
INFO: [ app_init ] --END-- [ RunTime:0.000805s ]
ERR: 无法加载模块:Publicdist

[ 2015-09-18T15:33:10+08:00 ] 127.0.0.1 /riding/Publicplugins/iCheck/flat/blue.css
INFO: [ app_init ] --START--
INFO: Run Behavior\BuildLiteBehavior [ RunTime:0.000029s ]
INFO: [ app_init ] --END-- [ RunTime:0.011558s ]
ERR: 无法加载模块:Publicplugins

[ 2015-09-18T15:33:10+08:00 ] 127.0.0.1 /riding/Publicplugins/morris/morris.css
INFO: [ app_init ] --START--
INFO: Run Behavior\BuildLiteBehavior [ RunTime:0.000028s ]
INFO: [ app_init ] --END-- [ RunTime:0.000611s ]
ERR: 无法加载模块:Publicplugins

[ 2015-09-18T15:33:10+08:00 ] 127.0.0.1 /riding/Publicplugins/datepicker/datepicker3.css
INFO: [ app_init ] --START--
INFO: Run Behavior\BuildLiteBehavior [ RunTime:0.000027s ]
INFO: [ app_init ] --END-- [ RunTime:0.000571s ]
ERR: 无法加载模块:Publicplugins

[ 2015-09-18T15:33:10+08:00 ] 127.0.0.1 /riding/Publicplugins/jQuery/jQuery-2.1.4.min.js
INFO: [ app_init ] --START--
INFO: Run Behavior\BuildLiteBehavior [ RunTime:0.000027s ]
INFO: [ app_init ] --END-- [ RunTime:0.000512s ]
ERR: 无法加载模块:Publicplugins

[ 2015-09-18T15:33:10+08:00 ] 127.0.0.1 /riding/Publicplugins/jvectormap/jquery-jvectormap-1.2.2.css
INFO: [ app_init ] --START--
INFO: Run Behavior\BuildLiteBehavior [ RunTime:0.000031s ]
INFO: [ app_init ] --END-- [ RunTime:0.000980s ]
ERR: 无法加载模块:Publicplugins

[ 2015-09-18T15:33:10+08:00 ] 127.0.0.1 /riding/Publicdist/js/raphael-min.js
INFO: [ app_init ] --START--
INFO: Run Behavior\BuildLiteBehavior [ RunTime:0.000029s ]
INFO: [ app_init ] --END-- [ RunTime:0.000542s ]
ERR: 无法加载模块:Publicdist

[ 2015-09-18T15:33:10+08:00 ] 127.0.0.1 /riding/Publicplugins/morris/morris.min.js
INFO: [ app_init ] --START--
INFO: Run Behavior\BuildLiteBehavior [ RunTime:0.000029s ]
INFO: [ app_init ] --END-- [ RunTime:0.000791s ]
ERR: 无法加载模块:Publicplugins

[ 2015-09-18T15:33:10+08:00 ] 127.0.0.1 /riding/Publicplugins/bootstrap-wysihtml5/bootstrap3-wysihtml5.min.css
INFO: [ app_init ] --START--
INFO: Run Behavior\BuildLiteBehavior [ RunTime:0.000025s ]
INFO: [ app_init ] --END-- [ RunTime:0.000587s ]
ERR: 无法加载模块:Publicplugins

[ 2015-09-18T15:33:10+08:00 ] 127.0.0.1 /riding/Publicplugins/sparkline/jquery.sparkline.min.js
INFO: [ app_init ] --START--
INFO: Run Behavior\BuildLiteBehavior [ RunTime:0.000026s ]
INFO: [ app_init ] --END-- [ RunTime:0.000580s ]
ERR: 无法加载模块:Publicplugins

[ 2015-09-18T15:33:10+08:00 ] 127.0.0.1 /riding/Publicdist/js/jquery-ui.min.js
INFO: [ app_init ] --START--
INFO: Run Behavior\BuildLiteBehavior [ RunTime:0.000028s ]
INFO: [ app_init ] --END-- [ RunTime:0.000786s ]
ERR: 无法加载模块:Publicdist

[ 2015-09-18T15:33:10+08:00 ] 127.0.0.1 /riding/Publicbootstrap/js/bootstrap.min.js
INFO: [ app_init ] --START--
INFO: Run Behavior\BuildLiteBehavior [ RunTime:0.000028s ]
INFO: [ app_init ] --END-- [ RunTime:0.000634s ]
ERR: 无法加载模块:Publicbootstrap

[ 2015-09-18T15:33:10+08:00 ] 127.0.0.1 /riding/Publicplugins/daterangepicker/daterangepicker-bs3.css
INFO: [ app_init ] --START--
INFO: Run Behavior\BuildLiteBehavior [ RunTime:0.000025s ]
INFO: [ app_init ] --END-- [ RunTime:0.000531s ]
ERR: 无法加载模块:Publicplugins

[ 2015-09-18T15:33:10+08:00 ] 127.0.0.1 /riding/Publicplugins/jvectormap/jquery-jvectormap-1.2.2.min.js
INFO: [ app_init ] --START--
INFO: Run Behavior\BuildLiteBehavior [ RunTime:0.000059s ]
INFO: [ app_init ] --END-- [ RunTime:0.001226s ]
ERR: 无法加载模块:Publicplugins

[ 2015-09-18T15:33:10+08:00 ] 127.0.0.1 /riding/Publicplugins/jvectormap/jquery-jvectormap-world-mill-en.js
INFO: [ app_init ] --START--
INFO: Run Behavior\BuildLiteBehavior [ RunTime:0.000028s ]
INFO: [ app_init ] --END-- [ RunTime:0.000597s ]
ERR: 无法加载模块:Publicplugins

[ 2015-09-18T15:33:10+08:00 ] 127.0.0.1 /riding/Publicplugins/daterangepicker/daterangepicker.js
INFO: [ app_init ] --START--
INFO: Run Behavior\BuildLiteBehavior [ RunTime:0.000029s ]
INFO: [ app_init ] --END-- [ RunTime:0.000588s ]
ERR: 无法加载模块:Publicplugins

[ 2015-09-18T15:33:10+08:00 ] 127.0.0.1 /riding/Publicdist/js/moment.min.js
INFO: [ app_init ] --START--
INFO: Run Behavior\BuildLiteBehavior [ RunTime:0.000028s ]
INFO: [ app_init ] --END-- [ RunTime:0.000628s ]
ERR: 无法加载模块:Publicdist

[ 2015-09-18T15:33:10+08:00 ] 127.0.0.1 /riding/Publicplugins/knob/jquery.knob.js
INFO: [ app_init ] --START--
INFO: Run Behavior\BuildLiteBehavior [ RunTime:0.000029s ]
INFO: [ app_init ] --END-- [ RunTime:0.000559s ]
ERR: 无法加载模块:Publicplugins

[ 2015-09-18T15:33:10+08:00 ] 127.0.0.1 /riding/Publicplugins/datepicker/bootstrap-datepicker.js
INFO: [ app_init ] --START--
INFO: Run Behavior\BuildLiteBehavior [ RunTime:0.000045s ]
INFO: [ app_init ] --END-- [ RunTime:0.000926s ]
ERR: 无法加载模块:Publicplugins

[ 2015-09-18T15:33:10+08:00 ] 127.0.0.1 /riding/Publicplugins/slimScroll/jquery.slimscroll.min.js
INFO: [ app_init ] --START--
INFO: Run Behavior\BuildLiteBehavior [ RunTime:0.000026s ]
INFO: [ app_init ] --END-- [ RunTime:0.000500s ]
ERR: 无法加载模块:Publicplugins

[ 2015-09-18T15:33:10+08:00 ] 127.0.0.1 /riding/Publicplugins/bootstrap-wysihtml5/bootstrap3-wysihtml5.all.min.js
INFO: [ app_init ] --START--
INFO: Run Behavior\BuildLiteBehavior [ RunTime:0.000030s ]
INFO: [ app_init ] --END-- [ RunTime:0.001444s ]
ERR: 无法加载模块:Publicplugins

[ 2015-09-18T15:33:10+08:00 ] 127.0.0.1 /riding/Publicplugins/fastclick/fastclick.min.js
INFO: [ app_init ] --START--
INFO: Run Behavior\BuildLiteBehavior [ RunTime:0.000018s ]
INFO: [ app_init ] --END-- [ RunTime:0.000399s ]
ERR: 无法加载模块:Publicplugins

[ 2015-09-18T15:33:10+08:00 ] 127.0.0.1 /riding/Publicdist/js/app.min.js
INFO: [ app_init ] --START--
INFO: Run Behavior\BuildLiteBehavior [ RunTime:0.000026s ]
INFO: [ app_init ] --END-- [ RunTime:0.000517s ]
ERR: 无法加载模块:Publicdist

[ 2015-09-18T15:33:10+08:00 ] 127.0.0.1 /riding/Publicdist/js/demo.js
INFO: [ app_init ] --START--
INFO: Run Behavior\BuildLiteBehavior [ RunTime:0.000026s ]
INFO: [ app_init ] --END-- [ RunTime:0.000574s ]
ERR: 无法加载模块:Publicdist

[ 2015-09-18T15:33:10+08:00 ] 127.0.0.1 /riding/Publicdist/js/pages/dashboard.js
INFO: [ app_init ] --START--
INFO: Run Behavior\BuildLiteBehavior [ RunTime:0.000027s ]
INFO: [ app_init ] --END-- [ RunTime:0.000564s ]
ERR: 无法加载模块:Publicdist

[ 2015-09-18T15:33:10+08:00 ] 127.0.0.1 /riding/Publicdist/img/user3-128x128.jpg
INFO: [ app_init ] --START--
INFO: Run Behavior\BuildLiteBehavior [ RunTime:0.000015s ]
INFO: [ app_init ] --END-- [ RunTime:0.000337s ]
ERR: 无法加载模块:Publicdist

[ 2015-09-18T15:33:10+08:00 ] 127.0.0.1 /riding/Publicdist/img/user2-160x160.jpg
INFO: [ app_init ] --START--
INFO: Run Behavior\BuildLiteBehavior [ RunTime:0.000031s ]
INFO: [ app_init ] --END-- [ RunTime:0.000562s ]
ERR: 无法加载模块:Publicdist

[ 2015-09-18T15:33:10+08:00 ] 127.0.0.1 /riding/Publicdist/img/user4-128x128.jpg
INFO: [ app_init ] --START--
INFO: Run Behavior\BuildLiteBehavior [ RunTime:0.000028s ]
INFO: [ app_init ] --END-- [ RunTime:0.000560s ]
ERR: 无法加载模块:Publicdist

[ 2015-09-18T18:15:24+08:00 ] 127.0.0.1 /riding/css/styles.css
INFO: [ app_init ] --START--
INFO: Run Behavior\BuildLiteBehavior [ RunTime:0.000038s ]
INFO: [ app_init ] --END-- [ RunTime:0.000857s ]
ERR: 无法加载模块:Css

[ 2015-09-18T18:15:25+08:00 ] 127.0.0.1 /riding/js/jquery-2.1.1.min.js
INFO: [ app_init ] --START--
INFO: Run Behavior\BuildLiteBehavior [ RunTime:0.000031s ]
INFO: [ app_init ] --END-- [ RunTime:0.000836s ]
ERR: 无法加载模块:Js

[ 2015-09-18T18:15:51+08:00 ] 127.0.0.1 /riding/Publiccss/styles.css
INFO: [ app_init ] --START--
INFO: Run Behavior\BuildLiteBehavior [ RunTime:0.000038s ]
INFO: [ app_init ] --END-- [ RunTime:0.000453s ]
ERR: 无法加载模块:Publiccss

[ 2015-09-18T18:15:51+08:00 ] 127.0.0.1 /riding/js/jquery-2.1.1.min.js
INFO: [ app_init ] --START--
INFO: Run Behavior\BuildLiteBehavior [ RunTime:0.000030s ]
INFO: [ app_init ] --END-- [ RunTime:0.000574s ]
ERR: 无法加载模块:Js

[ 2015-09-18T18:18:08+08:00 ] 127.0.0.1 /riding/js/jquery-2.1.1.min.js
INFO: [ app_init ] --START--
INFO: Run Behavior\BuildLiteBehavior [ RunTime:0.000019s ]
INFO: [ app_init ] --END-- [ RunTime:0.000459s ]
ERR: 无法加载模块:Js

[ 2015-09-18T18:18:25+08:00 ] 127.0.0.1 /riding/js/jquery-2.1.1.min.js
INFO: [ app_init ] --START--
INFO: Run Behavior\BuildLiteBehavior [ RunTime:0.000036s ]
INFO: [ app_init ] --END-- [ RunTime:0.000547s ]
ERR: 无法加载模块:Js

[ 2015-09-18T18:20:11+08:00 ] 127.0.0.1 /riding/Publiccss/styles.css
INFO: [ app_init ] --START--
INFO: Run Behavior\BuildLiteBehavior [ RunTime:0.000017s ]
INFO: [ app_init ] --END-- [ RunTime:0.000378s ]
ERR: 无法加载模块:Publiccss

[ 2015-09-18T18:20:11+08:00 ] 127.0.0.1 /riding/js/jquery-2.1.1.min.js
INFO: [ app_init ] --START--
INFO: Run Behavior\BuildLiteBehavior [ RunTime:0.000016s ]
INFO: [ app_init ] --END-- [ RunTime:0.000447s ]
ERR: 无法加载模块:Js

[ 2015-09-18T18:20:42+08:00 ] 127.0.0.1 /riding/Publiccss/styles.css
INFO: [ app_init ] --START--
INFO: Run Behavior\BuildLiteBehavior [ RunTime:0.000016s ]
INFO: [ app_init ] --END-- [ RunTime:0.000347s ]
ERR: 无法加载模块:Publiccss

[ 2015-09-18T18:20:42+08:00 ] 127.0.0.1 /riding/Publicjs/jquery-2.1.1.min.js
INFO: [ app_init ] --START--
INFO: Run Behavior\BuildLiteBehavior [ RunTime:0.000019s ]
INFO: [ app_init ] --END-- [ RunTime:0.000410s ]
ERR: 无法加载模块:Publicjs

[ 2015-09-18T18:20:44+08:00 ] 127.0.0.1 /riding/Publiccss/styles.css
INFO: [ app_init ] --START--
INFO: Run Behavior\BuildLiteBehavior [ RunTime:0.000016s ]
INFO: [ app_init ] --END-- [ RunTime:0.000377s ]
ERR: 无法加载模块:Publiccss

[ 2015-09-18T18:20:44+08:00 ] 127.0.0.1 /riding/Publicjs/jquery-2.1.1.min.js
INFO: [ app_init ] --START--
INFO: Run Behavior\BuildLiteBehavior [ RunTime:0.000022s ]
INFO: [ app_init ] --END-- [ RunTime:0.000419s ]
ERR: 无法加载模块:Publicjs

[ 2015-09-18T18:22:01+08:00 ] 127.0.0.1 /riding/Publiccss/styles.css
INFO: [ app_init ] --START--
INFO: Run Behavior\BuildLiteBehavior [ RunTime:0.000016s ]
INFO: [ app_init ] --END-- [ RunTime:0.000386s ]
ERR: 无法加载模块:Publiccss

[ 2015-09-18T18:22:01+08:00 ] 127.0.0.1 /riding/Publicjs/jquery-2.1.1.min.js
INFO: [ app_init ] --START--
INFO: Run Behavior\BuildLiteBehavior [ RunTime:0.000016s ]
INFO: [ app_init ] --END-- [ RunTime:0.000432s ]
ERR: 无法加载模块:Publicjs

[ 2015-09-18T18:22:40+08:00 ] 127.0.0.1 /riding/Publiccss/styles.css
INFO: [ app_init ] --START--
INFO: Run Behavior\BuildLiteBehavior [ RunTime:0.000016s ]
INFO: [ app_init ] --END-- [ RunTime:0.000334s ]
ERR: 无法加载模块:Publiccss

[ 2015-09-18T18:23:14+08:00 ] 127.0.0.1 /riding/Publiccss/styles.css
INFO: [ app_init ] --START--
INFO: Run Behavior\BuildLiteBehavior [ RunTime:0.000015s ]
INFO: [ app_init ] --END-- [ RunTime:0.000338s ]
ERR: 无法加载模块:Publiccss

[ 2015-09-18T18:23:48+08:00 ] 127.0.0.1 /riding/Publiccss/styles.css
INFO: [ app_init ] --START--
INFO: Run Behavior\BuildLiteBehavior [ RunTime:0.000015s ]
INFO: [ app_init ] --END-- [ RunTime:0.000358s ]
ERR: 无法加载模块:Publiccss

[ 2015-09-18T18:25:22+08:00 ] 127.0.0.1 /riding/Publiccss/styles.css
INFO: [ app_init ] --START--
INFO: Run Behavior\BuildLiteBehavior [ RunTime:0.000015s ]
INFO: [ app_init ] --END-- [ RunTime:0.000352s ]
ERR: 无法加载模块:Publiccss

[ 2015-09-18T18:59:43+08:00 ] 127.0.0.1 /riding/Publiccss/styles.css
INFO: [ app_init ] --START--
INFO: Run Behavior\BuildLiteBehavior [ RunTime:0.000015s ]
INFO: [ app_init ] --END-- [ RunTime:0.000302s ]
ERR: 无法加载模块:Publiccss

[ 2015-09-18T18:59:48+08:00 ] 127.0.0.1 /riding/Publiccss/styles.css
INFO: [ app_init ] --START--
INFO: Run Behavior\BuildLiteBehavior [ RunTime:0.000016s ]
INFO: [ app_init ] --END-- [ RunTime:0.000336s ]
ERR: 无法加载模块:Publiccss

[ 2015-09-18T19:00:39+08:00 ] 127.0.0.1 /riding/Publiccss/styles.css
INFO: [ app_init ] --START--
INFO: Run Behavior\BuildLiteBehavior [ RunTime:0.000030s ]
INFO: [ app_init ] --END-- [ RunTime:0.000825s ]
ERR: 无法加载模块:Publiccss

[ 2015-09-18T19:00:41+08:00 ] 127.0.0.1 /riding/Publiccss/styles.css
INFO: [ app_init ] --START--
INFO: Run Behavior\BuildLiteBehavior [ RunTime:0.000017s ]
INFO: [ app_init ] --END-- [ RunTime:0.000463s ]
ERR: 无法加载模块:Publiccss

[ 2015-09-18T19:01:57+08:00 ] 127.0.0.1 /riding/Publiccss/styles.css
INFO: [ app_init ] --START--
INFO: Run Behavior\BuildLiteBehavior [ RunTime:0.000017s ]
INFO: [ app_init ] --END-- [ RunTime:0.000403s ]
ERR: 无法加载模块:Publiccss

[ 2015-09-18T19:01:59+08:00 ] 127.0.0.1 /riding/Publiccss/styles.css
INFO: [ app_init ] --START--
INFO: Run Behavior\BuildLiteBehavior [ RunTime:0.000026s ]
INFO: [ app_init ] --END-- [ RunTime:0.000597s ]
ERR: 无法加载模块:Publiccss

[ 2015-09-18T19:02:27+08:00 ] 127.0.0.1 /riding/Publiccss/styles.css
INFO: [ app_init ] --START--
INFO: Run Behavior\BuildLiteBehavior [ RunTime:0.000018s ]
INFO: [ app_init ] --END-- [ RunTime:0.000482s ]
ERR: 无法加载模块:Publiccss

[ 2015-09-18T19:02:29+08:00 ] 127.0.0.1 /riding/Publiccss/styles.css
INFO: [ app_init ] --START--
INFO: Run Behavior\BuildLiteBehavior [ RunTime:0.000025s ]
INFO: [ app_init ] --END-- [ RunTime:0.000762s ]
ERR: 无法加载模块:Publiccss

[ 2015-09-18T19:02:29+08:00 ] 127.0.0.1 /riding/Publiccss/styles.css
INFO: [ app_init ] --START--
INFO: Run Behavior\BuildLiteBehavior [ RunTime:0.000033s ]
INFO: [ app_init ] --END-- [ RunTime:0.000770s ]
ERR: 无法加载模块:Publiccss

[ 2015-09-18T19:06:01+08:00 ] 127.0.0.1 /riding/Publicjs/jquery-2.1.1.min.js
INFO: [ app_init ] --START--
INFO: Run Behavior\BuildLiteBehavior [ RunTime:0.000035s ]
INFO: [ app_init ] --END-- [ RunTime:0.000611s ]
ERR: 无法加载模块:Publicjs

[ 2015-09-18T19:06:01+08:00 ] 127.0.0.1 /riding/Publiccss/styles.css
INFO: [ app_init ] --START--
INFO: Run Behavior\BuildLiteBehavior [ RunTime:0.000021s ]
INFO: [ app_init ] --END-- [ RunTime:0.000621s ]
ERR: 无法加载模块:Publiccss

[ 2015-09-18T19:06:02+08:00 ] 127.0.0.1 /riding/Publicjs/jquery-2.1.1.min.js
INFO: [ app_init ] --START--
INFO: Run Behavior\BuildLiteBehavior [ RunTime:0.000017s ]
INFO: [ app_init ] --END-- [ RunTime:0.000415s ]
ERR: 无法加载模块:Publicjs

[ 2015-09-18T19:06:02+08:00 ] 127.0.0.1 /riding/Publiccss/styles.css
INFO: [ app_init ] --START--
INFO: Run Behavior\BuildLiteBehavior [ RunTime:0.000016s ]
INFO: [ app_init ] --END-- [ RunTime:0.000427s ]
ERR: 无法加载模块:Publiccss

[ 2015-09-18T19:06:02+08:00 ] 127.0.0.1 /riding/Publicjs/jquery-2.1.1.min.js
INFO: [ app_init ] --START--
INFO: Run Behavior\BuildLiteBehavior [ RunTime:0.000018s ]
INFO: [ app_init ] --END-- [ RunTime:0.000458s ]
ERR: 无法加载模块:Publicjs

[ 2015-09-18T19:06:02+08:00 ] 127.0.0.1 /riding/Publiccss/styles.css
INFO: [ app_init ] --START--
INFO: Run Behavior\BuildLiteBehavior [ RunTime:0.000016s ]
INFO: [ app_init ] --END-- [ RunTime:0.000393s ]
ERR: 无法加载模块:Publiccss

[ 2015-09-18T19:06:02+08:00 ] 127.0.0.1 /riding/Publicjs/jquery-2.1.1.min.js
INFO: [ app_init ] --START--
INFO: Run Behavior\BuildLiteBehavior [ RunTime:0.000028s ]
INFO: [ app_init ] --END-- [ RunTime:0.000487s ]
ERR: 无法加载模块:Publicjs

[ 2015-09-18T19:06:02+08:00 ] 127.0.0.1 /riding/Publiccss/styles.css
INFO: [ app_init ] --START--
INFO: Run Behavior\BuildLiteBehavior [ RunTime:0.000029s ]
INFO: [ app_init ] --END-- [ RunTime:0.000603s ]
ERR: 无法加载模块:Publiccss

[ 2015-09-18T19:06:29+08:00 ] 127.0.0.1 /riding/Publicjs/jquery-2.1.1.min.js
INFO: [ app_init ] --START--
INFO: Run Behavior\BuildLiteBehavior [ RunTime:0.000019s ]
INFO: [ app_init ] --END-- [ RunTime:0.000414s ]
ERR: 无法加载模块:Publicjs

[ 2015-09-18T19:06:29+08:00 ] 127.0.0.1 /riding/Publiccss/styles.css
INFO: [ app_init ] --START--
INFO: Run Behavior\BuildLiteBehavior [ RunTime:0.000017s ]
INFO: [ app_init ] --END-- [ RunTime:0.000396s ]
ERR: 无法加载模块:Publiccss

[ 2015-09-18T19:06:37+08:00 ] 127.0.0.1 /riding/Publicjs/jquery-2.1.1.min.js
INFO: [ app_init ] --START--
INFO: Run Behavior\BuildLiteBehavior [ RunTime:0.000028s ]
INFO: [ app_init ] --END-- [ RunTime:0.000607s ]
ERR: 无法加载模块:Publicjs

[ 2015-09-18T19:06:37+08:00 ] 127.0.0.1 /riding/Publiccss/styles.css
INFO: [ app_init ] --START--
INFO: Run Behavior\BuildLiteBehavior [ RunTime:0.000017s ]
INFO: [ app_init ] --END-- [ RunTime:0.000428s ]
ERR: 无法加载模块:Publiccss

[ 2015-09-18T19:08:15+08:00 ] 127.0.0.1 /riding/Publiccss/styles.css
INFO: [ app_init ] --START--
INFO: Run Behavior\BuildLiteBehavior [ RunTime:0.000039s ]
INFO: [ app_init ] --END-- [ RunTime:0.000452s ]
ERR: 无法加载模块:Publiccss

[ 2015-09-18T19:08:15+08:00 ] 127.0.0.1 /riding/Publicjs/jquery-2.1.1.min.js
INFO: [ app_init ] --START--
INFO: Run Behavior\BuildLiteBehavior [ RunTime:0.000017s ]
INFO: [ app_init ] --END-- [ RunTime:0.000444s ]
ERR: 无法加载模块:Publicjs

[ 2015-09-18T19:08:16+08:00 ] 127.0.0.1 /riding/Publicjs/jquery-2.1.1.min.js
INFO: [ app_init ] --START--
INFO: Run Behavior\BuildLiteBehavior [ RunTime:0.000018s ]
INFO: [ app_init ] --END-- [ RunTime:0.000403s ]
ERR: 无法加载模块:Publicjs

[ 2015-09-18T19:08:16+08:00 ] 127.0.0.1 /riding/Publiccss/styles.css
INFO: [ app_init ] --START--
INFO: Run Behavior\BuildLiteBehavior [ RunTime:0.000024s ]
INFO: [ app_init ] --END-- [ RunTime:0.000385s ]
ERR: 无法加载模块:Publiccss

